2021-01-03 12:29:26,036 INFO org.springframework.test.context.support.AbstractTestContextBootstrapper [main] Neither @ContextConfiguration nor @ContextHierarchy found for test class [org.springframework.samples.petclinic.web.LeagueControllerTest], using SpringBootContextLoader
2021-01-03 12:29:26,054 INFO org.springframework.test.context.support.AbstractContextLoader [main] Could not detect default resource locations for test class [org.springframework.samples.petclinic.web.LeagueControllerTest]: no resource found for suffixes {-context.xml, Context.groovy}.
2021-01-03 12:29:26,055 INFO org.springframework.test.context.support.AnnotationConfigContextLoaderUtils [main] Could not detect default configuration classes for test class [org.springframework.samples.petclinic.web.LeagueControllerTest]: LeagueControllerTest does not declare any static, non-private, non-final, nested classes annotated with @Configuration.
2021-01-03 12:29:26,217 INFO org.springframework.boot.test.context.SpringBootTestContextBootstrapper [main] Found @SpringBootConfiguration org.springframework.samples.petclinic.PetclinicApplication for test class org.springframework.samples.petclinic.web.LeagueControllerTest
2021-01-03 12:29:26,219 INFO org.springframework.test.context.support.AbstractTestContextBootstrapper [main] Loaded default TestExecutionListener class names from location [META-INF/spring.factories]: [org.springframework.boot.test.mock.mockito.MockitoTestExecutionListener, org.springframework.boot.test.mock.mockito.ResetMocksTestExecutionListener, org.springframework.boot.test.autoconfigure.restdocs.RestDocsTestExecutionListener, org.springframework.boot.test.autoconfigure.web.client.MockRestServiceServerResetTestExecutionListener, org.springframework.boot.test.autoconfigure.web.servlet.MockMvcPrintOnlyOnFailureTestExecutionListener, org.springframework.boot.test.autoconfigure.web.servlet.WebDriverTestExecutionListener, org.springframework.test.context.web.ServletTestExecutionListener, org.springframework.test.context.support.DirtiesContextBeforeModesTestExecutionListener, org.springframework.test.context.support.DependencyInjectionTestExecutionListener, org.springframework.test.context.support.DirtiesContextTestExecutionListener, org.springframework.test.context.transaction.TransactionalTestExecutionListener, org.springframework.test.context.jdbc.SqlScriptsTestExecutionListener, org.springframework.test.context.event.EventPublishingTestExecutionListener, org.springframework.security.test.context.support.WithSecurityContextTestExecutionListener, org.springframework.security.test.context.support.ReactorContextTestExecutionListener]
2021-01-03 12:29:26,240 INFO org.springframework.test.context.support.AbstractTestContextBootstrapper [main] Using TestExecutionListeners: [org.springframework.test.context.web.ServletTestExecutionListener@4c60d6e9, org.springframework.test.context.support.DirtiesContextBeforeModesTestExecutionListener@15043a2f, org.springframework.boot.test.mock.mockito.MockitoTestExecutionListener@4a83a74a, org.springframework.boot.test.autoconfigure.SpringBootDependencyInjectionTestExecutionListener@1349883, org.springframework.test.context.support.DirtiesContextTestExecutionListener@4b29d1d2, org.springframework.test.context.transaction.TransactionalTestExecutionListener@7f485fda, org.springframework.test.context.jdbc.SqlScriptsTestExecutionListener@28261e8e, org.springframework.test.context.event.EventPublishingTestExecutionListener@d737b89, org.springframework.security.test.context.support.WithSecurityContextTestExecutionListener@8519cb4, org.springframework.security.test.context.support.ReactorContextTestExecutionListener@35dab4eb, org.springframework.boot.test.mock.mockito.ResetMocksTestExecutionListener@2d901eb0, org.springframework.boot.test.autoconfigure.restdocs.RestDocsTestExecutionListener@3ba987b8, org.springframework.boot.test.autoconfigure.web.client.MockRestServiceServerResetTestExecutionListener@3f191845, org.springframework.boot.test.autoconfigure.web.servlet.MockMvcPrintOnlyOnFailureTestExecutionListener@5f049ea1, org.springframework.boot.test.autoconfigure.web.servlet.WebDriverTestExecutionListener@72cc7e6f]
2021-01-03 12:29:26,740 WARN org.springframework.boot.test.json.DuplicateJsonObjectContextCustomizerFactory$DuplicateJsonObjectContextCustomizer [main] 

Found multiple occurrences of org.json.JSONObject on the class path:

	jar:file:/C:/Users/super/.m2/repository/com/vaadin/external/google/android-json/0.0.20131108.vaadin1/android-json-0.0.20131108.vaadin1.jar!/org/json/JSONObject.class
	jar:file:/C:/Users/super/.m2/repository/org/json/json/20190722/json-20190722.jar!/org/json/JSONObject.class

You may wish to exclude one of them to ensure predictable runtime behavior

2021-01-03 12:29:26,756 INFO org.springframework.boot.StartupInfoLogger [main] Starting LeagueControllerTest on DESKTOP-AEAJ6CQ with PID 15484 (started by super in C:\Users\super\git\dp1-2020-g2-05)
2021-01-03 12:29:26,757 DEBUG org.springframework.boot.StartupInfoLogger [main] Running with Spring Boot v2.2.4.RELEASE, Spring v5.2.3.RELEASE
2021-01-03 12:29:26,758 INFO org.springframework.boot.SpringApplication [main] No active profile set, falling back to default profiles: default
2021-01-03 12:29:28,332 INFO org.springframework.scheduling.concurrent.ExecutorConfigurationSupport [main] Initializing ExecutorService 'applicationTaskExecutor'
2021-01-03 12:29:29,133 INFO org.springframework.boot.autoconfigure.security.servlet.UserDetailsServiceAutoConfiguration [main] 

Using generated security password: 8d092c61-2148-4223-963b-0deb2c28e768

2021-01-03 12:29:29,344 INFO org.springframework.security.web.DefaultSecurityFilterChain [main] Creating filter chain: any request, [org.springframework.security.web.context.request.async.WebAsyncManagerIntegrationFilter@13e5d243, org.springframework.security.web.context.SecurityContextPersistenceFilter@69d3cf7e, org.springframework.security.web.header.HeaderWriterFilter@3069a360, org.springframework.security.web.csrf.CsrfFilter@3a7e365, org.springframework.security.web.authentication.logout.LogoutFilter@65cf4d6d, org.springframework.security.web.authentication.UsernamePasswordAuthenticationFilter@405b6d75, org.springframework.security.web.authentication.ui.DefaultLoginPageGeneratingFilter@36e43829, org.springframework.security.web.authentication.ui.DefaultLogoutPageGeneratingFilter@35ef439e, org.springframework.security.web.authentication.www.BasicAuthenticationFilter@6b6eae52, org.springframework.security.web.savedrequest.RequestCacheAwareFilter@1984212d, org.springframework.security.web.servletapi.SecurityContextHolderAwareRequestFilter@6215366a, org.springframework.security.web.authentication.AnonymousAuthenticationFilter@4997552e, org.springframework.security.web.session.SessionManagementFilter@7885776b, org.springframework.security.web.access.ExceptionTranslationFilter@50eb4a2c, org.springframework.security.web.access.intercept.FilterSecurityInterceptor@759de304]
2021-01-03 12:29:29,403 INFO org.springframework.mock.web.MockServletContext [main] Initializing Spring TestDispatcherServlet ''
2021-01-03 12:29:29,403 INFO org.springframework.web.servlet.FrameworkServlet [main] Initializing Servlet ''
2021-01-03 12:29:29,416 INFO org.springframework.web.servlet.FrameworkServlet [main] Completed initialization in 13 ms
2021-01-03 12:29:29,451 INFO org.springframework.boot.StartupInfoLogger [main] Started LeagueControllerTest in 3.036 seconds (JVM running for 4.192)
2021-01-03 12:29:29,839 INFO org.springframework.scheduling.concurrent.ExecutorConfigurationSupport [SpringContextShutdownHook] Shutting down ExecutorService 'applicationTaskExecutor'
2021-01-03 13:12:56,722 INFO org.springframework.test.context.support.AbstractTestContextBootstrapper [main] Neither @ContextConfiguration nor @ContextHierarchy found for test class [org.springframework.samples.petclinic.web.LineupControllerTest], using SpringBootContextLoader
2021-01-03 13:12:56,728 INFO org.springframework.test.context.support.AbstractContextLoader [main] Could not detect default resource locations for test class [org.springframework.samples.petclinic.web.LineupControllerTest]: no resource found for suffixes {-context.xml, Context.groovy}.
2021-01-03 13:12:56,729 INFO org.springframework.test.context.support.AnnotationConfigContextLoaderUtils [main] Could not detect default configuration classes for test class [org.springframework.samples.petclinic.web.LineupControllerTest]: LineupControllerTest does not declare any static, non-private, non-final, nested classes annotated with @Configuration.
2021-01-03 13:12:56,875 INFO org.springframework.boot.test.context.SpringBootTestContextBootstrapper [main] Found @SpringBootConfiguration org.springframework.samples.petclinic.PetclinicApplication for test class org.springframework.samples.petclinic.web.LineupControllerTest
2021-01-03 13:12:56,877 INFO org.springframework.test.context.support.AbstractTestContextBootstrapper [main] Loaded default TestExecutionListener class names from location [META-INF/spring.factories]: [org.springframework.boot.test.mock.mockito.MockitoTestExecutionListener, org.springframework.boot.test.mock.mockito.ResetMocksTestExecutionListener, org.springframework.boot.test.autoconfigure.restdocs.RestDocsTestExecutionListener, org.springframework.boot.test.autoconfigure.web.client.MockRestServiceServerResetTestExecutionListener, org.springframework.boot.test.autoconfigure.web.servlet.MockMvcPrintOnlyOnFailureTestExecutionListener, org.springframework.boot.test.autoconfigure.web.servlet.WebDriverTestExecutionListener, org.springframework.test.context.web.ServletTestExecutionListener, org.springframework.test.context.support.DirtiesContextBeforeModesTestExecutionListener, org.springframework.test.context.support.DependencyInjectionTestExecutionListener, org.springframework.test.context.support.DirtiesContextTestExecutionListener, org.springframework.test.context.transaction.TransactionalTestExecutionListener, org.springframework.test.context.jdbc.SqlScriptsTestExecutionListener, org.springframework.test.context.event.EventPublishingTestExecutionListener, org.springframework.security.test.context.support.WithSecurityContextTestExecutionListener, org.springframework.security.test.context.support.ReactorContextTestExecutionListener]
2021-01-03 13:12:56,892 INFO org.springframework.test.context.support.AbstractTestContextBootstrapper [main] Using TestExecutionListeners: [org.springframework.test.context.web.ServletTestExecutionListener@74e28667, org.springframework.test.context.support.DirtiesContextBeforeModesTestExecutionListener@1cf6d1be, org.springframework.boot.test.mock.mockito.MockitoTestExecutionListener@663c9e7a, org.springframework.boot.test.autoconfigure.SpringBootDependencyInjectionTestExecutionListener@19e4653c, org.springframework.test.context.support.DirtiesContextTestExecutionListener@795509d9, org.springframework.test.context.transaction.TransactionalTestExecutionListener@53045c6c, org.springframework.test.context.jdbc.SqlScriptsTestExecutionListener@5149d738, org.springframework.test.context.event.EventPublishingTestExecutionListener@6bbe85a8, org.springframework.security.test.context.support.WithSecurityContextTestExecutionListener@3a7442c7, org.springframework.security.test.context.support.ReactorContextTestExecutionListener@4be29ed9, org.springframework.boot.test.mock.mockito.ResetMocksTestExecutionListener@548d708a, org.springframework.boot.test.autoconfigure.restdocs.RestDocsTestExecutionListener@4b013c76, org.springframework.boot.test.autoconfigure.web.client.MockRestServiceServerResetTestExecutionListener@53fb3dab, org.springframework.boot.test.autoconfigure.web.servlet.MockMvcPrintOnlyOnFailureTestExecutionListener@cb0755b, org.springframework.boot.test.autoconfigure.web.servlet.WebDriverTestExecutionListener@33065d67]
2021-01-03 13:12:57,234 WARN org.springframework.boot.test.json.DuplicateJsonObjectContextCustomizerFactory$DuplicateJsonObjectContextCustomizer [main] 

Found multiple occurrences of org.json.JSONObject on the class path:

	jar:file:/C:/Users/super/.m2/repository/com/vaadin/external/google/android-json/0.0.20131108.vaadin1/android-json-0.0.20131108.vaadin1.jar!/org/json/JSONObject.class
	jar:file:/C:/Users/super/.m2/repository/org/json/json/20190722/json-20190722.jar!/org/json/JSONObject.class

You may wish to exclude one of them to ensure predictable runtime behavior

2021-01-03 13:12:57,247 INFO org.springframework.boot.StartupInfoLogger [main] Starting LineupControllerTest on DESKTOP-AEAJ6CQ with PID 7696 (started by super in C:\Users\super\git\dp1-2020-g2-05)
2021-01-03 13:12:57,247 DEBUG org.springframework.boot.StartupInfoLogger [main] Running with Spring Boot v2.2.4.RELEASE, Spring v5.2.3.RELEASE
2021-01-03 13:12:57,248 INFO org.springframework.boot.SpringApplication [main] No active profile set, falling back to default profiles: default
2021-01-03 13:12:58,699 INFO org.springframework.scheduling.concurrent.ExecutorConfigurationSupport [main] Initializing ExecutorService 'applicationTaskExecutor'
2021-01-03 13:12:59,476 INFO org.springframework.boot.autoconfigure.security.servlet.UserDetailsServiceAutoConfiguration [main] 

Using generated security password: f132ff82-169c-4051-91c7-8254f2419a7b

2021-01-03 13:12:59,653 INFO org.springframework.security.web.DefaultSecurityFilterChain [main] Creating filter chain: any request, [org.springframework.security.web.context.request.async.WebAsyncManagerIntegrationFilter@33188612, org.springframework.security.web.context.SecurityContextPersistenceFilter@59c04bee, org.springframework.security.web.header.HeaderWriterFilter@4ed5a1b0, org.springframework.security.web.csrf.CsrfFilter@78ec89a6, org.springframework.security.web.authentication.logout.LogoutFilter@7951c3a2, org.springframework.security.web.authentication.UsernamePasswordAuthenticationFilter@1e84f3c8, org.springframework.security.web.authentication.ui.DefaultLoginPageGeneratingFilter@3cd26422, org.springframework.security.web.authentication.ui.DefaultLogoutPageGeneratingFilter@4733f6f5, org.springframework.security.web.authentication.www.BasicAuthenticationFilter@2ceca2ef, org.springframework.security.web.savedrequest.RequestCacheAwareFilter@f2a1813, org.springframework.security.web.servletapi.SecurityContextHolderAwareRequestFilter@414f87a9, org.springframework.security.web.authentication.AnonymousAuthenticationFilter@6ccac6f4, org.springframework.security.web.session.SessionManagementFilter@3135bf25, org.springframework.security.web.access.ExceptionTranslationFilter@a146b11, org.springframework.security.web.access.intercept.FilterSecurityInterceptor@69aa7d76]
2021-01-03 13:12:59,707 INFO org.springframework.mock.web.MockServletContext [main] Initializing Spring TestDispatcherServlet ''
2021-01-03 13:12:59,707 INFO org.springframework.web.servlet.FrameworkServlet [main] Initializing Servlet ''
2021-01-03 13:12:59,720 INFO org.springframework.web.servlet.FrameworkServlet [main] Completed initialization in 12 ms
2021-01-03 13:12:59,750 INFO org.springframework.boot.StartupInfoLogger [main] Started LineupControllerTest in 2.747 seconds (JVM running for 3.741)
2021-01-03 13:12:59,896 INFO org.springframework.scheduling.concurrent.ExecutorConfigurationSupport [SpringContextShutdownHook] Shutting down ExecutorService 'applicationTaskExecutor'
2021-01-03 13:14:17,431 INFO org.springframework.boot.StartupInfoLogger [restartedMain] Starting PetclinicApplication on DESKTOP-AEAJ6CQ with PID 11936 (C:\Users\super\git\dp1-2020-g2-05\target\classes started by super in C:\Users\super\git\dp1-2020-g2-05)
2021-01-03 13:14:17,433 DEBUG org.springframework.boot.StartupInfoLogger [restartedMain] Running with Spring Boot v2.2.4.RELEASE, Spring v5.2.3.RELEASE
2021-01-03 13:14:17,433 INFO org.springframework.boot.SpringApplication [restartedMain] No active profile set, falling back to default profiles: default
2021-01-03 13:14:17,471 INFO org.springframework.boot.logging.DeferredLog [restartedMain] The Class-Path manifest attribute in C:\Users\super\.m2\repository\org\glassfish\jaxb\jaxb-runtime\2.3.2\jaxb-runtime-2.3.2.jar referenced one or more files that do not exist: file:/C:/Users/super/.m2/repository/org/glassfish/jaxb/jaxb-runtime/2.3.2/jakarta.xml.bind-api-2.3.2.jar,file:/C:/Users/super/.m2/repository/org/glassfish/jaxb/jaxb-runtime/2.3.2/txw2-2.3.2.jar,file:/C:/Users/super/.m2/repository/org/glassfish/jaxb/jaxb-runtime/2.3.2/istack-commons-runtime-3.0.8.jar,file:/C:/Users/super/.m2/repository/org/glassfish/jaxb/jaxb-runtime/2.3.2/stax-ex-1.8.1.jar,file:/C:/Users/super/.m2/repository/org/glassfish/jaxb/jaxb-runtime/2.3.2/FastInfoset-1.2.16.jar,file:/C:/Users/super/.m2/repository/org/glassfish/jaxb/jaxb-runtime/2.3.2/jakarta.activation-api-1.2.1.jar
2021-01-03 13:14:17,471 INFO org.springframework.boot.logging.DeferredLog [restartedMain] Devtools property defaults active! Set 'spring.devtools.add-properties' to 'false' to disable
2021-01-03 13:14:17,471 INFO org.springframework.boot.logging.DeferredLog [restartedMain] For additional web related logging consider setting the 'logging.level.web' property to 'DEBUG'
2021-01-03 13:14:18,122 INFO org.springframework.data.repository.config.RepositoryConfigurationDelegate [restartedMain] Bootstrapping Spring Data JPA repositories in DEFAULT mode.
2021-01-03 13:14:18,254 INFO org.springframework.data.repository.config.RepositoryConfigurationDelegate [restartedMain] Finished Spring Data repository scanning in 122ms. Found 16 JPA repository interfaces.
2021-01-03 13:14:18,668 INFO org.springframework.context.support.PostProcessorRegistrationDelegate$BeanPostProcessorChecker [restartedMain] Bean 'org.springframework.transaction.annotation.ProxyTransactionManagementConfiguration' of type [org.springframework.transaction.annotation.ProxyTransactionManagementConfiguration] is not eligible for getting processed by all BeanPostProcessors (for example: not eligible for auto-proxying)
2021-01-03 13:14:19,173 INFO org.springframework.boot.web.embedded.tomcat.TomcatWebServer [restartedMain] Tomcat initialized with port(s): 8090 (http)
2021-01-03 13:14:19,187 INFO org.apache.juli.logging.DirectJDKLog [restartedMain] Initializing ProtocolHandler ["http-nio-8090"]
2021-01-03 13:14:19,187 INFO org.apache.juli.logging.DirectJDKLog [restartedMain] Starting service [Tomcat]
2021-01-03 13:14:19,188 INFO org.apache.juli.logging.DirectJDKLog [restartedMain] Starting Servlet engine: [Apache Tomcat/9.0.30]
2021-01-03 13:14:19,464 INFO org.apache.juli.logging.DirectJDKLog [restartedMain] At least one JAR was scanned for TLDs yet contained no TLDs. Enable debug logging for this logger for a complete list of JARs that were scanned but no TLDs were found in them. Skipping unneeded JARs during scanning can improve startup time and JSP compilation time.
2021-01-03 13:14:19,470 INFO org.apache.juli.logging.DirectJDKLog [restartedMain] Initializing Spring embedded WebApplicationContext
2021-01-03 13:14:19,470 INFO org.springframework.boot.web.servlet.context.ServletWebServerApplicationContext [restartedMain] Root WebApplicationContext: initialization completed in 1999 ms
2021-01-03 13:14:19,513 INFO com.zaxxer.hikari.HikariDataSource [restartedMain] HikariPool-1 - Starting...
2021-01-03 13:14:19,711 INFO com.zaxxer.hikari.HikariDataSource [restartedMain] HikariPool-1 - Start completed.
2021-01-03 13:14:19,717 INFO org.springframework.boot.autoconfigure.h2.H2ConsoleAutoConfiguration [restartedMain] H2 console available at '/h2-console'. Database available at 'jdbc:h2:mem:testdb'
2021-01-03 13:14:19,886 INFO org.hibernate.jpa.internal.util.LogHelper [restartedMain] HHH000204: Processing PersistenceUnitInfo [name: default]
2021-01-03 13:14:19,972 INFO org.hibernate.Version [restartedMain] HHH000412: Hibernate Core {5.4.10.Final}
2021-01-03 13:14:20,109 INFO org.hibernate.annotations.common.reflection.java.JavaReflectionManager [restartedMain] HCANN000001: Hibernate Commons Annotations {5.1.0.Final}
2021-01-03 13:14:20,236 INFO org.hibernate.dialect.Dialect [restartedMain] HHH000400: Using dialect: org.hibernate.dialect.H2Dialect
2021-01-03 13:14:20,303 INFO org.hibernate.envers.boot.internal.EnversServiceImpl [restartedMain] Envers integration enabled? : true
2021-01-03 13:14:21,923 INFO org.hibernate.engine.transaction.jta.platform.internal.JtaPlatformInitiator [restartedMain] HHH000490: Using JtaPlatform implementation: [org.hibernate.engine.transaction.jta.platform.internal.NoJtaPlatform]
2021-01-03 13:14:21,930 INFO org.springframework.orm.jpa.AbstractEntityManagerFactoryBean [restartedMain] Initialized JPA EntityManagerFactory for persistence unit 'default'
2021-01-03 13:14:21,945 INFO org.springframework.boot.devtools.autoconfigure.OptionalLiveReloadServer [restartedMain] LiveReload server is running on port 35729
2021-01-03 13:14:22,065 WARN org.springframework.boot.autoconfigure.orm.jpa.JpaBaseConfiguration$JpaWebConfiguration [restartedMain] spring.jpa.open-in-view is enabled by default. Therefore, database queries may be performed during view rendering. Explicitly configure spring.jpa.open-in-view to disable this warning
2021-01-03 13:14:23,038 INFO org.springframework.security.web.DefaultSecurityFilterChain [restartedMain] Creating filter chain: any request, [org.springframework.security.web.context.request.async.WebAsyncManagerIntegrationFilter@1ff80609, org.springframework.security.web.context.SecurityContextPersistenceFilter@3a357af, org.springframework.security.web.header.HeaderWriterFilter@57e0dd12, org.springframework.security.web.csrf.CsrfFilter@1acc78ae, org.springframework.security.web.authentication.logout.LogoutFilter@7947cb08, org.springframework.security.web.authentication.UsernamePasswordAuthenticationFilter@19729cbc, org.springframework.security.web.authentication.ui.DefaultLoginPageGeneratingFilter@280a3909, org.springframework.security.web.authentication.ui.DefaultLogoutPageGeneratingFilter@2002dd3d, org.springframework.security.web.savedrequest.RequestCacheAwareFilter@36ec7b6e, org.springframework.security.web.servletapi.SecurityContextHolderAwareRequestFilter@2c89dd7a, org.springframework.security.web.authentication.AnonymousAuthenticationFilter@22068f22, org.springframework.security.web.session.SessionManagementFilter@23f92688, org.springframework.security.web.access.ExceptionTranslationFilter@592cd84c, org.springframework.security.web.access.intercept.FilterSecurityInterceptor@6a23e5e0]
2021-01-03 13:14:23,152 INFO org.springframework.scheduling.concurrent.ExecutorConfigurationSupport [restartedMain] Initializing ExecutorService 'applicationTaskExecutor'
2021-01-03 13:14:23,883 INFO org.apache.juli.logging.DirectJDKLog [restartedMain] Starting ProtocolHandler ["http-nio-8090"]
2021-01-03 13:14:23,922 INFO org.springframework.boot.web.embedded.tomcat.TomcatWebServer [restartedMain] Tomcat started on port(s): 8090 (http) with context path ''
2021-01-03 13:14:23,924 INFO org.springframework.boot.StartupInfoLogger [restartedMain] Started PetclinicApplication in 6.752 seconds (JVM running for 7.259)
2021-01-03 13:14:34,516 INFO org.apache.juli.logging.DirectJDKLog [http-nio-8090-exec-1] Initializing Spring DispatcherServlet 'dispatcherServlet'
2021-01-03 13:14:34,516 INFO org.springframework.web.servlet.FrameworkServlet [http-nio-8090-exec-1] Initializing Servlet 'dispatcherServlet'
2021-01-03 13:14:34,522 INFO org.springframework.web.servlet.FrameworkServlet [http-nio-8090-exec-1] Completed initialization in 6 ms
2021-01-03 13:17:30,478 INFO org.springframework.samples.petclinic.web.LineupController [http-nio-8090-exec-3] Showing all lineups in database
2021-01-03 13:19:50,155 INFO org.springframework.test.context.support.AbstractTestContextBootstrapper [main] Neither @ContextConfiguration nor @ContextHierarchy found for test class [org.springframework.samples.petclinic.web.LineupControllerTest], using SpringBootContextLoader
2021-01-03 13:19:50,160 INFO org.springframework.test.context.support.AbstractContextLoader [main] Could not detect default resource locations for test class [org.springframework.samples.petclinic.web.LineupControllerTest]: no resource found for suffixes {-context.xml, Context.groovy}.
2021-01-03 13:19:50,161 INFO org.springframework.test.context.support.AnnotationConfigContextLoaderUtils [main] Could not detect default configuration classes for test class [org.springframework.samples.petclinic.web.LineupControllerTest]: LineupControllerTest does not declare any static, non-private, non-final, nested classes annotated with @Configuration.
2021-01-03 13:19:50,306 INFO org.springframework.boot.test.context.SpringBootTestContextBootstrapper [main] Found @SpringBootConfiguration org.springframework.samples.petclinic.PetclinicApplication for test class org.springframework.samples.petclinic.web.LineupControllerTest
2021-01-03 13:19:50,308 INFO org.springframework.test.context.support.AbstractTestContextBootstrapper [main] Loaded default TestExecutionListener class names from location [META-INF/spring.factories]: [org.springframework.boot.test.mock.mockito.MockitoTestExecutionListener, org.springframework.boot.test.mock.mockito.ResetMocksTestExecutionListener, org.springframework.boot.test.autoconfigure.restdocs.RestDocsTestExecutionListener, org.springframework.boot.test.autoconfigure.web.client.MockRestServiceServerResetTestExecutionListener, org.springframework.boot.test.autoconfigure.web.servlet.MockMvcPrintOnlyOnFailureTestExecutionListener, org.springframework.boot.test.autoconfigure.web.servlet.WebDriverTestExecutionListener, org.springframework.test.context.web.ServletTestExecutionListener, org.springframework.test.context.support.DirtiesContextBeforeModesTestExecutionListener, org.springframework.test.context.support.DependencyInjectionTestExecutionListener, org.springframework.test.context.support.DirtiesContextTestExecutionListener, org.springframework.test.context.transaction.TransactionalTestExecutionListener, org.springframework.test.context.jdbc.SqlScriptsTestExecutionListener, org.springframework.test.context.event.EventPublishingTestExecutionListener, org.springframework.security.test.context.support.WithSecurityContextTestExecutionListener, org.springframework.security.test.context.support.ReactorContextTestExecutionListener]
2021-01-03 13:19:50,325 INFO org.springframework.test.context.support.AbstractTestContextBootstrapper [main] Using TestExecutionListeners: [org.springframework.test.context.web.ServletTestExecutionListener@74e28667, org.springframework.test.context.support.DirtiesContextBeforeModesTestExecutionListener@1cf6d1be, org.springframework.boot.test.mock.mockito.MockitoTestExecutionListener@663c9e7a, org.springframework.boot.test.autoconfigure.SpringBootDependencyInjectionTestExecutionListener@19e4653c, org.springframework.test.context.support.DirtiesContextTestExecutionListener@795509d9, org.springframework.test.context.transaction.TransactionalTestExecutionListener@53045c6c, org.springframework.test.context.jdbc.SqlScriptsTestExecutionListener@5149d738, org.springframework.test.context.event.EventPublishingTestExecutionListener@6bbe85a8, org.springframework.security.test.context.support.WithSecurityContextTestExecutionListener@3a7442c7, org.springframework.security.test.context.support.ReactorContextTestExecutionListener@4be29ed9, org.springframework.boot.test.mock.mockito.ResetMocksTestExecutionListener@548d708a, org.springframework.boot.test.autoconfigure.restdocs.RestDocsTestExecutionListener@4b013c76, org.springframework.boot.test.autoconfigure.web.client.MockRestServiceServerResetTestExecutionListener@53fb3dab, org.springframework.boot.test.autoconfigure.web.servlet.MockMvcPrintOnlyOnFailureTestExecutionListener@cb0755b, org.springframework.boot.test.autoconfigure.web.servlet.WebDriverTestExecutionListener@33065d67]
2021-01-03 13:19:50,675 WARN org.springframework.boot.test.json.DuplicateJsonObjectContextCustomizerFactory$DuplicateJsonObjectContextCustomizer [main] 

Found multiple occurrences of org.json.JSONObject on the class path:

	jar:file:/C:/Users/super/.m2/repository/com/vaadin/external/google/android-json/0.0.20131108.vaadin1/android-json-0.0.20131108.vaadin1.jar!/org/json/JSONObject.class
	jar:file:/C:/Users/super/.m2/repository/org/json/json/20190722/json-20190722.jar!/org/json/JSONObject.class

You may wish to exclude one of them to ensure predictable runtime behavior

2021-01-03 13:19:50,690 INFO org.springframework.boot.StartupInfoLogger [main] Starting LineupControllerTest on DESKTOP-AEAJ6CQ with PID 11480 (started by super in C:\Users\super\git\dp1-2020-g2-05)
2021-01-03 13:19:50,691 DEBUG org.springframework.boot.StartupInfoLogger [main] Running with Spring Boot v2.2.4.RELEASE, Spring v5.2.3.RELEASE
2021-01-03 13:19:50,692 INFO org.springframework.boot.SpringApplication [main] No active profile set, falling back to default profiles: default
2021-01-03 13:19:52,227 INFO org.springframework.scheduling.concurrent.ExecutorConfigurationSupport [main] Initializing ExecutorService 'applicationTaskExecutor'
2021-01-03 13:19:53,012 INFO org.springframework.boot.autoconfigure.security.servlet.UserDetailsServiceAutoConfiguration [main] 

Using generated security password: 91e72753-5bdd-43c9-a9ff-cf827fa7b750

2021-01-03 13:19:53,207 INFO org.springframework.security.web.DefaultSecurityFilterChain [main] Creating filter chain: any request, [org.springframework.security.web.context.request.async.WebAsyncManagerIntegrationFilter@56c8e6f0, org.springframework.security.web.context.SecurityContextPersistenceFilter@388623ad, org.springframework.security.web.header.HeaderWriterFilter@45900b64, org.springframework.security.web.csrf.CsrfFilter@294aba23, org.springframework.security.web.authentication.logout.LogoutFilter@2d0b05, org.springframework.security.web.authentication.UsernamePasswordAuthenticationFilter@50ab56e2, org.springframework.security.web.authentication.ui.DefaultLoginPageGeneratingFilter@2ed71727, org.springframework.security.web.authentication.ui.DefaultLogoutPageGeneratingFilter@71b6172c, org.springframework.security.web.authentication.www.BasicAuthenticationFilter@6ccac6f4, org.springframework.security.web.savedrequest.RequestCacheAwareFilter@46e3559f, org.springframework.security.web.servletapi.SecurityContextHolderAwareRequestFilter@6e31d989, org.springframework.security.web.authentication.AnonymousAuthenticationFilter@58aa10f4, org.springframework.security.web.session.SessionManagementFilter@79f90a3a, org.springframework.security.web.access.ExceptionTranslationFilter@4116f66a, org.springframework.security.web.access.intercept.FilterSecurityInterceptor@270d43a7]
2021-01-03 13:19:53,262 INFO org.springframework.mock.web.MockServletContext [main] Initializing Spring TestDispatcherServlet ''
2021-01-03 13:19:53,262 INFO org.springframework.web.servlet.FrameworkServlet [main] Initializing Servlet ''
2021-01-03 13:19:53,275 INFO org.springframework.web.servlet.FrameworkServlet [main] Completed initialization in 12 ms
2021-01-03 13:19:53,303 INFO org.springframework.boot.StartupInfoLogger [main] Started LineupControllerTest in 2.862 seconds (JVM running for 3.845)
2021-01-03 13:19:53,441 INFO org.springframework.scheduling.concurrent.ExecutorConfigurationSupport [SpringContextShutdownHook] Shutting down ExecutorService 'applicationTaskExecutor'
2021-01-03 13:21:18,044 INFO org.springframework.test.context.support.AbstractTestContextBootstrapper [main] Neither @ContextConfiguration nor @ContextHierarchy found for test class [org.springframework.samples.petclinic.web.LineupControllerTest], using SpringBootContextLoader
2021-01-03 13:21:18,050 INFO org.springframework.test.context.support.AbstractContextLoader [main] Could not detect default resource locations for test class [org.springframework.samples.petclinic.web.LineupControllerTest]: no resource found for suffixes {-context.xml, Context.groovy}.
2021-01-03 13:21:18,051 INFO org.springframework.test.context.support.AnnotationConfigContextLoaderUtils [main] Could not detect default configuration classes for test class [org.springframework.samples.petclinic.web.LineupControllerTest]: LineupControllerTest does not declare any static, non-private, non-final, nested classes annotated with @Configuration.
2021-01-03 13:21:18,192 INFO org.springframework.boot.test.context.SpringBootTestContextBootstrapper [main] Found @SpringBootConfiguration org.springframework.samples.petclinic.PetclinicApplication for test class org.springframework.samples.petclinic.web.LineupControllerTest
2021-01-03 13:21:18,195 INFO org.springframework.test.context.support.AbstractTestContextBootstrapper [main] Loaded default TestExecutionListener class names from location [META-INF/spring.factories]: [org.springframework.boot.test.mock.mockito.MockitoTestExecutionListener, org.springframework.boot.test.mock.mockito.ResetMocksTestExecutionListener, org.springframework.boot.test.autoconfigure.restdocs.RestDocsTestExecutionListener, org.springframework.boot.test.autoconfigure.web.client.MockRestServiceServerResetTestExecutionListener, org.springframework.boot.test.autoconfigure.web.servlet.MockMvcPrintOnlyOnFailureTestExecutionListener, org.springframework.boot.test.autoconfigure.web.servlet.WebDriverTestExecutionListener, org.springframework.test.context.web.ServletTestExecutionListener, org.springframework.test.context.support.DirtiesContextBeforeModesTestExecutionListener, org.springframework.test.context.support.DependencyInjectionTestExecutionListener, org.springframework.test.context.support.DirtiesContextTestExecutionListener, org.springframework.test.context.transaction.TransactionalTestExecutionListener, org.springframework.test.context.jdbc.SqlScriptsTestExecutionListener, org.springframework.test.context.event.EventPublishingTestExecutionListener, org.springframework.security.test.context.support.WithSecurityContextTestExecutionListener, org.springframework.security.test.context.support.ReactorContextTestExecutionListener]
2021-01-03 13:21:18,211 INFO org.springframework.test.context.support.AbstractTestContextBootstrapper [main] Using TestExecutionListeners: [org.springframework.test.context.web.ServletTestExecutionListener@74e28667, org.springframework.test.context.support.DirtiesContextBeforeModesTestExecutionListener@1cf6d1be, org.springframework.boot.test.mock.mockito.MockitoTestExecutionListener@663c9e7a, org.springframework.boot.test.autoconfigure.SpringBootDependencyInjectionTestExecutionListener@19e4653c, org.springframework.test.context.support.DirtiesContextTestExecutionListener@795509d9, org.springframework.test.context.transaction.TransactionalTestExecutionListener@53045c6c, org.springframework.test.context.jdbc.SqlScriptsTestExecutionListener@5149d738, org.springframework.test.context.event.EventPublishingTestExecutionListener@6bbe85a8, org.springframework.security.test.context.support.WithSecurityContextTestExecutionListener@3a7442c7, org.springframework.security.test.context.support.ReactorContextTestExecutionListener@4be29ed9, org.springframework.boot.test.mock.mockito.ResetMocksTestExecutionListener@548d708a, org.springframework.boot.test.autoconfigure.restdocs.RestDocsTestExecutionListener@4b013c76, org.springframework.boot.test.autoconfigure.web.client.MockRestServiceServerResetTestExecutionListener@53fb3dab, org.springframework.boot.test.autoconfigure.web.servlet.MockMvcPrintOnlyOnFailureTestExecutionListener@cb0755b, org.springframework.boot.test.autoconfigure.web.servlet.WebDriverTestExecutionListener@33065d67]
2021-01-03 13:21:18,554 WARN org.springframework.boot.test.json.DuplicateJsonObjectContextCustomizerFactory$DuplicateJsonObjectContextCustomizer [main] 

Found multiple occurrences of org.json.JSONObject on the class path:

	jar:file:/C:/Users/super/.m2/repository/com/vaadin/external/google/android-json/0.0.20131108.vaadin1/android-json-0.0.20131108.vaadin1.jar!/org/json/JSONObject.class
	jar:file:/C:/Users/super/.m2/repository/org/json/json/20190722/json-20190722.jar!/org/json/JSONObject.class

You may wish to exclude one of them to ensure predictable runtime behavior

2021-01-03 13:21:18,567 INFO org.springframework.boot.StartupInfoLogger [main] Starting LineupControllerTest on DESKTOP-AEAJ6CQ with PID 13796 (started by super in C:\Users\super\git\dp1-2020-g2-05)
2021-01-03 13:21:18,567 DEBUG org.springframework.boot.StartupInfoLogger [main] Running with Spring Boot v2.2.4.RELEASE, Spring v5.2.3.RELEASE
2021-01-03 13:21:18,569 INFO org.springframework.boot.SpringApplication [main] No active profile set, falling back to default profiles: default
2021-01-03 13:21:20,082 INFO org.springframework.scheduling.concurrent.ExecutorConfigurationSupport [main] Initializing ExecutorService 'applicationTaskExecutor'
2021-01-03 13:21:20,856 INFO org.springframework.boot.autoconfigure.security.servlet.UserDetailsServiceAutoConfiguration [main] 

Using generated security password: 6183b5cb-71d6-416b-a3f4-af32f6d4f4ca

2021-01-03 13:21:21,050 INFO org.springframework.security.web.DefaultSecurityFilterChain [main] Creating filter chain: any request, [org.springframework.security.web.context.request.async.WebAsyncManagerIntegrationFilter@56c8e6f0, org.springframework.security.web.context.SecurityContextPersistenceFilter@388623ad, org.springframework.security.web.header.HeaderWriterFilter@45900b64, org.springframework.security.web.csrf.CsrfFilter@294aba23, org.springframework.security.web.authentication.logout.LogoutFilter@2d0b05, org.springframework.security.web.authentication.UsernamePasswordAuthenticationFilter@50ab56e2, org.springframework.security.web.authentication.ui.DefaultLoginPageGeneratingFilter@2ed71727, org.springframework.security.web.authentication.ui.DefaultLogoutPageGeneratingFilter@71b6172c, org.springframework.security.web.authentication.www.BasicAuthenticationFilter@6ccac6f4, org.springframework.security.web.savedrequest.RequestCacheAwareFilter@46e3559f, org.springframework.security.web.servletapi.SecurityContextHolderAwareRequestFilter@6e31d989, org.springframework.security.web.authentication.AnonymousAuthenticationFilter@58aa10f4, org.springframework.security.web.session.SessionManagementFilter@79f90a3a, org.springframework.security.web.access.ExceptionTranslationFilter@4116f66a, org.springframework.security.web.access.intercept.FilterSecurityInterceptor@270d43a7]
2021-01-03 13:21:21,104 INFO org.springframework.mock.web.MockServletContext [main] Initializing Spring TestDispatcherServlet ''
2021-01-03 13:21:21,105 INFO org.springframework.web.servlet.FrameworkServlet [main] Initializing Servlet ''
2021-01-03 13:21:21,117 INFO org.springframework.web.servlet.FrameworkServlet [main] Completed initialization in 12 ms
2021-01-03 13:21:21,150 INFO org.springframework.boot.StartupInfoLogger [main] Started LineupControllerTest in 2.827 seconds (JVM running for 3.793)
2021-01-03 13:21:21,279 INFO org.springframework.scheduling.concurrent.ExecutorConfigurationSupport [SpringContextShutdownHook] Shutting down ExecutorService 'applicationTaskExecutor'
2021-01-03 13:22:42,675 INFO org.springframework.test.context.support.AbstractTestContextBootstrapper [main] Neither @ContextConfiguration nor @ContextHierarchy found for test class [org.springframework.samples.petclinic.web.LineupControllerTest], using SpringBootContextLoader
2021-01-03 13:22:42,681 INFO org.springframework.test.context.support.AbstractContextLoader [main] Could not detect default resource locations for test class [org.springframework.samples.petclinic.web.LineupControllerTest]: no resource found for suffixes {-context.xml, Context.groovy}.
2021-01-03 13:22:42,682 INFO org.springframework.test.context.support.AnnotationConfigContextLoaderUtils [main] Could not detect default configuration classes for test class [org.springframework.samples.petclinic.web.LineupControllerTest]: LineupControllerTest does not declare any static, non-private, non-final, nested classes annotated with @Configuration.
2021-01-03 13:22:42,820 INFO org.springframework.boot.test.context.SpringBootTestContextBootstrapper [main] Found @SpringBootConfiguration org.springframework.samples.petclinic.PetclinicApplication for test class org.springframework.samples.petclinic.web.LineupControllerTest
2021-01-03 13:22:42,822 INFO org.springframework.test.context.support.AbstractTestContextBootstrapper [main] Loaded default TestExecutionListener class names from location [META-INF/spring.factories]: [org.springframework.boot.test.mock.mockito.MockitoTestExecutionListener, org.springframework.boot.test.mock.mockito.ResetMocksTestExecutionListener, org.springframework.boot.test.autoconfigure.restdocs.RestDocsTestExecutionListener, org.springframework.boot.test.autoconfigure.web.client.MockRestServiceServerResetTestExecutionListener, org.springframework.boot.test.autoconfigure.web.servlet.MockMvcPrintOnlyOnFailureTestExecutionListener, org.springframework.boot.test.autoconfigure.web.servlet.WebDriverTestExecutionListener, org.springframework.test.context.web.ServletTestExecutionListener, org.springframework.test.context.support.DirtiesContextBeforeModesTestExecutionListener, org.springframework.test.context.support.DependencyInjectionTestExecutionListener, org.springframework.test.context.support.DirtiesContextTestExecutionListener, org.springframework.test.context.transaction.TransactionalTestExecutionListener, org.springframework.test.context.jdbc.SqlScriptsTestExecutionListener, org.springframework.test.context.event.EventPublishingTestExecutionListener, org.springframework.security.test.context.support.WithSecurityContextTestExecutionListener, org.springframework.security.test.context.support.ReactorContextTestExecutionListener]
2021-01-03 13:22:42,843 INFO org.springframework.test.context.support.AbstractTestContextBootstrapper [main] Using TestExecutionListeners: [org.springframework.test.context.web.ServletTestExecutionListener@74e28667, org.springframework.test.context.support.DirtiesContextBeforeModesTestExecutionListener@1cf6d1be, org.springframework.boot.test.mock.mockito.MockitoTestExecutionListener@663c9e7a, org.springframework.boot.test.autoconfigure.SpringBootDependencyInjectionTestExecutionListener@19e4653c, org.springframework.test.context.support.DirtiesContextTestExecutionListener@795509d9, org.springframework.test.context.transaction.TransactionalTestExecutionListener@53045c6c, org.springframework.test.context.jdbc.SqlScriptsTestExecutionListener@5149d738, org.springframework.test.context.event.EventPublishingTestExecutionListener@6bbe85a8, org.springframework.security.test.context.support.WithSecurityContextTestExecutionListener@3a7442c7, org.springframework.security.test.context.support.ReactorContextTestExecutionListener@4be29ed9, org.springframework.boot.test.mock.mockito.ResetMocksTestExecutionListener@548d708a, org.springframework.boot.test.autoconfigure.restdocs.RestDocsTestExecutionListener@4b013c76, org.springframework.boot.test.autoconfigure.web.client.MockRestServiceServerResetTestExecutionListener@53fb3dab, org.springframework.boot.test.autoconfigure.web.servlet.MockMvcPrintOnlyOnFailureTestExecutionListener@cb0755b, org.springframework.boot.test.autoconfigure.web.servlet.WebDriverTestExecutionListener@33065d67]
2021-01-03 13:22:43,179 WARN org.springframework.boot.test.json.DuplicateJsonObjectContextCustomizerFactory$DuplicateJsonObjectContextCustomizer [main] 

Found multiple occurrences of org.json.JSONObject on the class path:

	jar:file:/C:/Users/super/.m2/repository/com/vaadin/external/google/android-json/0.0.20131108.vaadin1/android-json-0.0.20131108.vaadin1.jar!/org/json/JSONObject.class
	jar:file:/C:/Users/super/.m2/repository/org/json/json/20190722/json-20190722.jar!/org/json/JSONObject.class

You may wish to exclude one of them to ensure predictable runtime behavior

2021-01-03 13:22:43,192 INFO org.springframework.boot.StartupInfoLogger [main] Starting LineupControllerTest on DESKTOP-AEAJ6CQ with PID 17920 (started by super in C:\Users\super\git\dp1-2020-g2-05)
2021-01-03 13:22:43,193 DEBUG org.springframework.boot.StartupInfoLogger [main] Running with Spring Boot v2.2.4.RELEASE, Spring v5.2.3.RELEASE
2021-01-03 13:22:43,194 INFO org.springframework.boot.SpringApplication [main] No active profile set, falling back to default profiles: default
2021-01-03 13:22:44,691 INFO org.springframework.scheduling.concurrent.ExecutorConfigurationSupport [main] Initializing ExecutorService 'applicationTaskExecutor'
2021-01-03 13:22:45,457 INFO org.springframework.boot.autoconfigure.security.servlet.UserDetailsServiceAutoConfiguration [main] 

Using generated security password: 30ea8f91-11d4-43a7-b423-fff96f768425

2021-01-03 13:22:45,653 INFO org.springframework.security.web.DefaultSecurityFilterChain [main] Creating filter chain: any request, [org.springframework.security.web.context.request.async.WebAsyncManagerIntegrationFilter@56c8e6f0, org.springframework.security.web.context.SecurityContextPersistenceFilter@388623ad, org.springframework.security.web.header.HeaderWriterFilter@45900b64, org.springframework.security.web.csrf.CsrfFilter@294aba23, org.springframework.security.web.authentication.logout.LogoutFilter@2d0b05, org.springframework.security.web.authentication.UsernamePasswordAuthenticationFilter@50ab56e2, org.springframework.security.web.authentication.ui.DefaultLoginPageGeneratingFilter@2ed71727, org.springframework.security.web.authentication.ui.DefaultLogoutPageGeneratingFilter@71b6172c, org.springframework.security.web.authentication.www.BasicAuthenticationFilter@6ccac6f4, org.springframework.security.web.savedrequest.RequestCacheAwareFilter@46e3559f, org.springframework.security.web.servletapi.SecurityContextHolderAwareRequestFilter@6e31d989, org.springframework.security.web.authentication.AnonymousAuthenticationFilter@58aa10f4, org.springframework.security.web.session.SessionManagementFilter@79f90a3a, org.springframework.security.web.access.ExceptionTranslationFilter@4116f66a, org.springframework.security.web.access.intercept.FilterSecurityInterceptor@270d43a7]
2021-01-03 13:22:45,709 INFO org.springframework.mock.web.MockServletContext [main] Initializing Spring TestDispatcherServlet ''
2021-01-03 13:22:45,710 INFO org.springframework.web.servlet.FrameworkServlet [main] Initializing Servlet ''
2021-01-03 13:22:45,724 INFO org.springframework.web.servlet.FrameworkServlet [main] Completed initialization in 14 ms
2021-01-03 13:22:45,758 INFO org.springframework.boot.StartupInfoLogger [main] Started LineupControllerTest in 2.801 seconds (JVM running for 3.796)
2021-01-03 13:22:45,912 INFO org.springframework.scheduling.concurrent.ExecutorConfigurationSupport [SpringContextShutdownHook] Shutting down ExecutorService 'applicationTaskExecutor'
2021-01-03 13:23:14,502 INFO org.springframework.boot.StartupInfoLogger [restartedMain] Starting PetclinicApplication on DESKTOP-AEAJ6CQ with PID 16028 (C:\Users\super\git\dp1-2020-g2-05\target\classes started by super in C:\Users\super\git\dp1-2020-g2-05)
2021-01-03 13:23:14,504 DEBUG org.springframework.boot.StartupInfoLogger [restartedMain] Running with Spring Boot v2.2.4.RELEASE, Spring v5.2.3.RELEASE
2021-01-03 13:23:14,504 INFO org.springframework.boot.SpringApplication [restartedMain] No active profile set, falling back to default profiles: default
2021-01-03 13:23:14,541 INFO org.springframework.boot.logging.DeferredLog [restartedMain] The Class-Path manifest attribute in C:\Users\super\.m2\repository\org\glassfish\jaxb\jaxb-runtime\2.3.2\jaxb-runtime-2.3.2.jar referenced one or more files that do not exist: file:/C:/Users/super/.m2/repository/org/glassfish/jaxb/jaxb-runtime/2.3.2/jakarta.xml.bind-api-2.3.2.jar,file:/C:/Users/super/.m2/repository/org/glassfish/jaxb/jaxb-runtime/2.3.2/txw2-2.3.2.jar,file:/C:/Users/super/.m2/repository/org/glassfish/jaxb/jaxb-runtime/2.3.2/istack-commons-runtime-3.0.8.jar,file:/C:/Users/super/.m2/repository/org/glassfish/jaxb/jaxb-runtime/2.3.2/stax-ex-1.8.1.jar,file:/C:/Users/super/.m2/repository/org/glassfish/jaxb/jaxb-runtime/2.3.2/FastInfoset-1.2.16.jar,file:/C:/Users/super/.m2/repository/org/glassfish/jaxb/jaxb-runtime/2.3.2/jakarta.activation-api-1.2.1.jar
2021-01-03 13:23:14,542 INFO org.springframework.boot.logging.DeferredLog [restartedMain] Devtools property defaults active! Set 'spring.devtools.add-properties' to 'false' to disable
2021-01-03 13:23:14,542 INFO org.springframework.boot.logging.DeferredLog [restartedMain] For additional web related logging consider setting the 'logging.level.web' property to 'DEBUG'
2021-01-03 13:23:15,216 INFO org.springframework.data.repository.config.RepositoryConfigurationDelegate [restartedMain] Bootstrapping Spring Data JPA repositories in DEFAULT mode.
2021-01-03 13:23:15,330 INFO org.springframework.data.repository.config.RepositoryConfigurationDelegate [restartedMain] Finished Spring Data repository scanning in 108ms. Found 16 JPA repository interfaces.
2021-01-03 13:23:15,680 INFO org.springframework.context.support.PostProcessorRegistrationDelegate$BeanPostProcessorChecker [restartedMain] Bean 'org.springframework.transaction.annotation.ProxyTransactionManagementConfiguration' of type [org.springframework.transaction.annotation.ProxyTransactionManagementConfiguration] is not eligible for getting processed by all BeanPostProcessors (for example: not eligible for auto-proxying)
2021-01-03 13:23:16,139 INFO org.springframework.boot.web.embedded.tomcat.TomcatWebServer [restartedMain] Tomcat initialized with port(s): 8090 (http)
2021-01-03 13:23:16,151 INFO org.apache.juli.logging.DirectJDKLog [restartedMain] Initializing ProtocolHandler ["http-nio-8090"]
2021-01-03 13:23:16,151 INFO org.apache.juli.logging.DirectJDKLog [restartedMain] Starting service [Tomcat]
2021-01-03 13:23:16,152 INFO org.apache.juli.logging.DirectJDKLog [restartedMain] Starting Servlet engine: [Apache Tomcat/9.0.30]
2021-01-03 13:23:16,416 INFO org.apache.juli.logging.DirectJDKLog [restartedMain] At least one JAR was scanned for TLDs yet contained no TLDs. Enable debug logging for this logger for a complete list of JARs that were scanned but no TLDs were found in them. Skipping unneeded JARs during scanning can improve startup time and JSP compilation time.
2021-01-03 13:23:16,422 INFO org.apache.juli.logging.DirectJDKLog [restartedMain] Initializing Spring embedded WebApplicationContext
2021-01-03 13:23:16,422 INFO org.springframework.boot.web.servlet.context.ServletWebServerApplicationContext [restartedMain] Root WebApplicationContext: initialization completed in 1880 ms
2021-01-03 13:23:16,460 INFO com.zaxxer.hikari.HikariDataSource [restartedMain] HikariPool-1 - Starting...
2021-01-03 13:23:16,640 INFO com.zaxxer.hikari.HikariDataSource [restartedMain] HikariPool-1 - Start completed.
2021-01-03 13:23:16,647 INFO org.springframework.boot.autoconfigure.h2.H2ConsoleAutoConfiguration [restartedMain] H2 console available at '/h2-console'. Database available at 'jdbc:h2:mem:testdb'
2021-01-03 13:23:16,792 INFO org.hibernate.jpa.internal.util.LogHelper [restartedMain] HHH000204: Processing PersistenceUnitInfo [name: default]
2021-01-03 13:23:16,867 INFO org.hibernate.Version [restartedMain] HHH000412: Hibernate Core {5.4.10.Final}
2021-01-03 13:23:17,008 INFO org.hibernate.annotations.common.reflection.java.JavaReflectionManager [restartedMain] HCANN000001: Hibernate Commons Annotations {5.1.0.Final}
2021-01-03 13:23:17,119 INFO org.hibernate.dialect.Dialect [restartedMain] HHH000400: Using dialect: org.hibernate.dialect.H2Dialect
2021-01-03 13:23:17,183 INFO org.hibernate.envers.boot.internal.EnversServiceImpl [restartedMain] Envers integration enabled? : true
2021-01-03 13:23:18,681 INFO org.hibernate.engine.transaction.jta.platform.internal.JtaPlatformInitiator [restartedMain] HHH000490: Using JtaPlatform implementation: [org.hibernate.engine.transaction.jta.platform.internal.NoJtaPlatform]
2021-01-03 13:23:18,687 INFO org.springframework.orm.jpa.AbstractEntityManagerFactoryBean [restartedMain] Initialized JPA EntityManagerFactory for persistence unit 'default'
2021-01-03 13:23:18,700 WARN org.springframework.boot.devtools.autoconfigure.OptionalLiveReloadServer [restartedMain] Unable to start LiveReload server
2021-01-03 13:23:18,845 WARN org.springframework.boot.autoconfigure.orm.jpa.JpaBaseConfiguration$JpaWebConfiguration [restartedMain] spring.jpa.open-in-view is enabled by default. Therefore, database queries may be performed during view rendering. Explicitly configure spring.jpa.open-in-view to disable this warning
2021-01-03 13:23:19,888 INFO org.springframework.security.web.DefaultSecurityFilterChain [restartedMain] Creating filter chain: any request, [org.springframework.security.web.context.request.async.WebAsyncManagerIntegrationFilter@68322eb6, org.springframework.security.web.context.SecurityContextPersistenceFilter@196bc36e, org.springframework.security.web.header.HeaderWriterFilter@5ef3028c, org.springframework.security.web.csrf.CsrfFilter@485c31f7, org.springframework.security.web.authentication.logout.LogoutFilter@1ac20aab, org.springframework.security.web.authentication.UsernamePasswordAuthenticationFilter@78804c99, org.springframework.security.web.authentication.ui.DefaultLoginPageGeneratingFilter@734f7a0, org.springframework.security.web.authentication.ui.DefaultLogoutPageGeneratingFilter@1deb52fe, org.springframework.security.web.savedrequest.RequestCacheAwareFilter@1c577986, org.springframework.security.web.servletapi.SecurityContextHolderAwareRequestFilter@6c3e8bf6, org.springframework.security.web.authentication.AnonymousAuthenticationFilter@1e2b33cf, org.springframework.security.web.session.SessionManagementFilter@4d6946ee, org.springframework.security.web.access.ExceptionTranslationFilter@337672c4, org.springframework.security.web.access.intercept.FilterSecurityInterceptor@19f3691d]
2021-01-03 13:23:20,000 INFO org.springframework.scheduling.concurrent.ExecutorConfigurationSupport [restartedMain] Initializing ExecutorService 'applicationTaskExecutor'
2021-01-03 13:23:20,564 INFO org.apache.juli.logging.DirectJDKLog [restartedMain] Starting ProtocolHandler ["http-nio-8090"]
2021-01-03 13:23:20,575 INFO org.apache.juli.logging.DirectJDKLog [restartedMain] Pausing ProtocolHandler ["http-nio-8090"]
2021-01-03 13:23:20,575 INFO org.apache.juli.logging.DirectJDKLog [restartedMain] Stopping service [Tomcat]
2021-01-03 13:23:20,579 WARN org.apache.juli.logging.DirectJDKLog [restartedMain] The web application [ROOT] appears to have started a thread named [HikariPool-1 housekeeper] but has failed to stop it. This is very likely to create a memory leak. Stack trace of thread:
 sun.misc.Unsafe.park(Native Method)
 java.util.concurrent.locks.LockSupport.parkNanos(LockSupport.java:215)
 java.util.concurrent.locks.AbstractQueuedSynchronizer$ConditionObject.awaitNanos(AbstractQueuedSynchronizer.java:2078)
 java.util.concurrent.ScheduledThreadPoolExecutor$DelayedWorkQueue.take(ScheduledThreadPoolExecutor.java:1093)
 java.util.concurrent.ScheduledThreadPoolExecutor$DelayedWorkQueue.take(ScheduledThreadPoolExecutor.java:809)
 java.util.concurrent.ThreadPoolExecutor.getTask(ThreadPoolExecutor.java:1074)
 java.util.concurrent.ThreadPoolExecutor.runWorker(ThreadPoolExecutor.java:1134)
 java.util.concurrent.ThreadPoolExecutor$Worker.run(ThreadPoolExecutor.java:624)
 java.lang.Thread.run(Thread.java:748)
2021-01-03 13:23:20,579 WARN org.apache.juli.logging.DirectJDKLog [restartedMain] The web application [ROOT] appears to have started a thread named [HikariPool-1 connection adder] but has failed to stop it. This is very likely to create a memory leak. Stack trace of thread:
 sun.misc.Unsafe.park(Native Method)
 java.util.concurrent.locks.LockSupport.parkNanos(LockSupport.java:215)
 java.util.concurrent.locks.AbstractQueuedSynchronizer$ConditionObject.awaitNanos(AbstractQueuedSynchronizer.java:2078)
 java.util.concurrent.LinkedBlockingQueue.poll(LinkedBlockingQueue.java:467)
 java.util.concurrent.ThreadPoolExecutor.getTask(ThreadPoolExecutor.java:1073)
 java.util.concurrent.ThreadPoolExecutor.runWorker(ThreadPoolExecutor.java:1134)
 java.util.concurrent.ThreadPoolExecutor$Worker.run(ThreadPoolExecutor.java:624)
 java.lang.Thread.run(Thread.java:748)
2021-01-03 13:23:20,580 INFO org.apache.juli.logging.DirectJDKLog [restartedMain] Stopping ProtocolHandler ["http-nio-8090"]
2021-01-03 13:23:20,581 INFO org.apache.juli.logging.DirectJDKLog [restartedMain] Destroying ProtocolHandler ["http-nio-8090"]
2021-01-03 13:23:20,583 INFO org.springframework.boot.autoconfigure.logging.ConditionEvaluationReportLoggingListener [restartedMain] 

Error starting ApplicationContext. To display the conditions report re-run your application with 'debug' enabled.
2021-01-03 13:23:20,584 ERROR org.springframework.boot.diagnostics.LoggingFailureAnalysisReporter [restartedMain] 

***************************
APPLICATION FAILED TO START
***************************

Description:

Web server failed to start. Port 8090 was already in use.

Action:

Identify and stop the process that's listening on port 8090 or configure this application to listen on another port.

2021-01-03 13:23:20,587 INFO org.springframework.scheduling.concurrent.ExecutorConfigurationSupport [restartedMain] Shutting down ExecutorService 'applicationTaskExecutor'
2021-01-03 13:23:20,591 INFO org.springframework.orm.jpa.AbstractEntityManagerFactoryBean [restartedMain] Closing JPA EntityManagerFactory for persistence unit 'default'
2021-01-03 13:23:20,591 INFO org.hibernate.tool.schema.internal.SchemaDropperImpl$DelayedDropActionImpl [restartedMain] HHH000477: Starting delayed evictData of schema as part of SessionFactory shut-down'
2021-01-03 13:23:20,596 ERROR org.hibernate.tool.schema.internal.SchemaDropperImpl$DelayedDropActionImpl [restartedMain] HHH000478: Unsuccessful: 
    drop table granpremio if exists
2021-01-03 13:23:20,596 ERROR org.hibernate.tool.schema.internal.SchemaDropperImpl$DelayedDropActionImpl [restartedMain] HHH000478: Unsuccessful: 
    drop table league if exists
2021-01-03 13:23:20,598 ERROR org.hibernate.tool.schema.internal.SchemaDropperImpl$DelayedDropActionImpl [restartedMain] HHH000478: Unsuccessful: 
    drop table owners if exists
2021-01-03 13:23:20,599 ERROR org.hibernate.tool.schema.internal.SchemaDropperImpl$DelayedDropActionImpl [restartedMain] HHH000478: Unsuccessful: 
    drop table pets if exists
2021-01-03 13:23:20,599 ERROR org.hibernate.tool.schema.internal.SchemaDropperImpl$DelayedDropActionImpl [restartedMain] HHH000478: Unsuccessful: 
    drop table pilot if exists
2021-01-03 13:23:20,599 ERROR org.hibernate.tool.schema.internal.SchemaDropperImpl$DelayedDropActionImpl [restartedMain] HHH000478: Unsuccessful: 
    drop table record if exists
2021-01-03 13:23:20,600 ERROR org.hibernate.tool.schema.internal.SchemaDropperImpl$DelayedDropActionImpl [restartedMain] HHH000478: Unsuccessful: 
    drop table record_circuito if exists
2021-01-03 13:23:20,600 ERROR org.hibernate.tool.schema.internal.SchemaDropperImpl$DelayedDropActionImpl [restartedMain] HHH000478: Unsuccessful: 
    drop table record_mejor_vuelta if exists
2021-01-03 13:23:20,600 ERROR org.hibernate.tool.schema.internal.SchemaDropperImpl$DelayedDropActionImpl [restartedMain] HHH000478: Unsuccessful: 
    drop table record_pole if exists
2021-01-03 13:23:20,600 ERROR org.hibernate.tool.schema.internal.SchemaDropperImpl$DelayedDropActionImpl [restartedMain] HHH000478: Unsuccessful: 
    drop table record_vuelta_rapida if exists
2021-01-03 13:23:20,602 ERROR org.hibernate.tool.schema.internal.SchemaDropperImpl$DelayedDropActionImpl [restartedMain] HHH000478: Unsuccessful: 
    drop table specialties if exists
2021-01-03 13:23:20,603 ERROR org.hibernate.tool.schema.internal.SchemaDropperImpl$DelayedDropActionImpl [restartedMain] HHH000478: Unsuccessful: 
    drop table types if exists
2021-01-03 13:23:20,604 ERROR org.hibernate.tool.schema.internal.SchemaDropperImpl$DelayedDropActionImpl [restartedMain] HHH000478: Unsuccessful: 
    drop table users if exists
2021-01-03 13:23:20,813 WARN org.springframework.beans.factory.support.DisposableBeanAdapter [restartedMain] Invocation of destroy method failed on bean with name 'inMemoryDatabaseShutdownExecutor': org.h2.jdbc.JdbcSQLNonTransientConnectionException: La base de datos ya esta cerrada (para des-habilitar el cerrado automatico durante el shutdown de la VM, agregue ";DB_CLOSE_ON_EXIT=FALSE" a la URL de conexin)
Database is already closed (to disable automatic closing at VM shutdown, add ";DB_CLOSE_ON_EXIT=FALSE" to the db URL) [90121-200]
2021-01-03 13:23:20,813 INFO com.zaxxer.hikari.HikariDataSource [restartedMain] HikariPool-1 - Shutdown initiated...
2021-01-03 13:23:20,814 INFO com.zaxxer.hikari.HikariDataSource [restartedMain] HikariPool-1 - Shutdown completed.
2021-01-03 13:24:54,163 INFO org.springframework.test.context.support.AbstractTestContextBootstrapper [main] Neither @ContextConfiguration nor @ContextHierarchy found for test class [org.springframework.samples.petclinic.web.LineupControllerTest], using SpringBootContextLoader
2021-01-03 13:24:54,169 INFO org.springframework.test.context.support.AbstractContextLoader [main] Could not detect default resource locations for test class [org.springframework.samples.petclinic.web.LineupControllerTest]: no resource found for suffixes {-context.xml, Context.groovy}.
2021-01-03 13:24:54,170 INFO org.springframework.test.context.support.AnnotationConfigContextLoaderUtils [main] Could not detect default configuration classes for test class [org.springframework.samples.petclinic.web.LineupControllerTest]: LineupControllerTest does not declare any static, non-private, non-final, nested classes annotated with @Configuration.
2021-01-03 13:24:54,316 INFO org.springframework.boot.test.context.SpringBootTestContextBootstrapper [main] Found @SpringBootConfiguration org.springframework.samples.petclinic.PetclinicApplication for test class org.springframework.samples.petclinic.web.LineupControllerTest
2021-01-03 13:24:54,317 INFO org.springframework.test.context.support.AbstractTestContextBootstrapper [main] Loaded default TestExecutionListener class names from location [META-INF/spring.factories]: [org.springframework.boot.test.mock.mockito.MockitoTestExecutionListener, org.springframework.boot.test.mock.mockito.ResetMocksTestExecutionListener, org.springframework.boot.test.autoconfigure.restdocs.RestDocsTestExecutionListener, org.springframework.boot.test.autoconfigure.web.client.MockRestServiceServerResetTestExecutionListener, org.springframework.boot.test.autoconfigure.web.servlet.MockMvcPrintOnlyOnFailureTestExecutionListener, org.springframework.boot.test.autoconfigure.web.servlet.WebDriverTestExecutionListener, org.springframework.test.context.web.ServletTestExecutionListener, org.springframework.test.context.support.DirtiesContextBeforeModesTestExecutionListener, org.springframework.test.context.support.DependencyInjectionTestExecutionListener, org.springframework.test.context.support.DirtiesContextTestExecutionListener, org.springframework.test.context.transaction.TransactionalTestExecutionListener, org.springframework.test.context.jdbc.SqlScriptsTestExecutionListener, org.springframework.test.context.event.EventPublishingTestExecutionListener, org.springframework.security.test.context.support.WithSecurityContextTestExecutionListener, org.springframework.security.test.context.support.ReactorContextTestExecutionListener]
2021-01-03 13:24:54,333 INFO org.springframework.test.context.support.AbstractTestContextBootstrapper [main] Using TestExecutionListeners: [org.springframework.test.context.web.ServletTestExecutionListener@74e28667, org.springframework.test.context.support.DirtiesContextBeforeModesTestExecutionListener@1cf6d1be, org.springframework.boot.test.mock.mockito.MockitoTestExecutionListener@663c9e7a, org.springframework.boot.test.autoconfigure.SpringBootDependencyInjectionTestExecutionListener@19e4653c, org.springframework.test.context.support.DirtiesContextTestExecutionListener@795509d9, org.springframework.test.context.transaction.TransactionalTestExecutionListener@53045c6c, org.springframework.test.context.jdbc.SqlScriptsTestExecutionListener@5149d738, org.springframework.test.context.event.EventPublishingTestExecutionListener@6bbe85a8, org.springframework.security.test.context.support.WithSecurityContextTestExecutionListener@3a7442c7, org.springframework.security.test.context.support.ReactorContextTestExecutionListener@4be29ed9, org.springframework.boot.test.mock.mockito.ResetMocksTestExecutionListener@548d708a, org.springframework.boot.test.autoconfigure.restdocs.RestDocsTestExecutionListener@4b013c76, org.springframework.boot.test.autoconfigure.web.client.MockRestServiceServerResetTestExecutionListener@53fb3dab, org.springframework.boot.test.autoconfigure.web.servlet.MockMvcPrintOnlyOnFailureTestExecutionListener@cb0755b, org.springframework.boot.test.autoconfigure.web.servlet.WebDriverTestExecutionListener@33065d67]
2021-01-03 13:24:54,674 WARN org.springframework.boot.test.json.DuplicateJsonObjectContextCustomizerFactory$DuplicateJsonObjectContextCustomizer [main] 

Found multiple occurrences of org.json.JSONObject on the class path:

	jar:file:/C:/Users/super/.m2/repository/com/vaadin/external/google/android-json/0.0.20131108.vaadin1/android-json-0.0.20131108.vaadin1.jar!/org/json/JSONObject.class
	jar:file:/C:/Users/super/.m2/repository/org/json/json/20190722/json-20190722.jar!/org/json/JSONObject.class

You may wish to exclude one of them to ensure predictable runtime behavior

2021-01-03 13:24:54,686 INFO org.springframework.boot.StartupInfoLogger [main] Starting LineupControllerTest on DESKTOP-AEAJ6CQ with PID 5820 (started by super in C:\Users\super\git\dp1-2020-g2-05)
2021-01-03 13:24:54,686 DEBUG org.springframework.boot.StartupInfoLogger [main] Running with Spring Boot v2.2.4.RELEASE, Spring v5.2.3.RELEASE
2021-01-03 13:24:54,687 INFO org.springframework.boot.SpringApplication [main] No active profile set, falling back to default profiles: default
2021-01-03 13:24:56,129 INFO org.springframework.scheduling.concurrent.ExecutorConfigurationSupport [main] Initializing ExecutorService 'applicationTaskExecutor'
2021-01-03 13:24:56,988 INFO org.springframework.boot.autoconfigure.security.servlet.UserDetailsServiceAutoConfiguration [main] 

Using generated security password: 1276fbd5-fcbd-4bdc-adb9-cd555afac1bc

2021-01-03 13:24:57,233 INFO org.springframework.security.web.DefaultSecurityFilterChain [main] Creating filter chain: any request, [org.springframework.security.web.context.request.async.WebAsyncManagerIntegrationFilter@56c8e6f0, org.springframework.security.web.context.SecurityContextPersistenceFilter@388623ad, org.springframework.security.web.header.HeaderWriterFilter@45900b64, org.springframework.security.web.csrf.CsrfFilter@294aba23, org.springframework.security.web.authentication.logout.LogoutFilter@2d0b05, org.springframework.security.web.authentication.UsernamePasswordAuthenticationFilter@50ab56e2, org.springframework.security.web.authentication.ui.DefaultLoginPageGeneratingFilter@2ed71727, org.springframework.security.web.authentication.ui.DefaultLogoutPageGeneratingFilter@71b6172c, org.springframework.security.web.authentication.www.BasicAuthenticationFilter@6ccac6f4, org.springframework.security.web.savedrequest.RequestCacheAwareFilter@46e3559f, org.springframework.security.web.servletapi.SecurityContextHolderAwareRequestFilter@6e31d989, org.springframework.security.web.authentication.AnonymousAuthenticationFilter@58aa10f4, org.springframework.security.web.session.SessionManagementFilter@79f90a3a, org.springframework.security.web.access.ExceptionTranslationFilter@4116f66a, org.springframework.security.web.access.intercept.FilterSecurityInterceptor@270d43a7]
2021-01-03 13:24:57,287 INFO org.springframework.mock.web.MockServletContext [main] Initializing Spring TestDispatcherServlet ''
2021-01-03 13:24:57,288 INFO org.springframework.web.servlet.FrameworkServlet [main] Initializing Servlet ''
2021-01-03 13:24:57,301 INFO org.springframework.web.servlet.FrameworkServlet [main] Completed initialization in 13 ms
2021-01-03 13:24:57,332 INFO org.springframework.boot.StartupInfoLogger [main] Started LineupControllerTest in 2.88 seconds (JVM running for 3.862)
2021-01-03 13:24:57,456 INFO org.springframework.scheduling.concurrent.ExecutorConfigurationSupport [SpringContextShutdownHook] Shutting down ExecutorService 'applicationTaskExecutor'
2021-01-03 13:25:48,871 INFO org.springframework.samples.petclinic.web.LineupController [http-nio-8090-exec-4] Showing all lineups in database
2021-01-03 13:26:05,950 INFO org.springframework.samples.petclinic.web.LineupController [http-nio-8090-exec-10] Showing all lineups in database
2021-01-03 13:26:23,847 INFO org.springframework.samples.petclinic.web.LineupController [http-nio-8090-exec-10] Showing all lineups in database
2021-01-03 13:30:53,082 INFO org.springframework.test.context.support.AbstractTestContextBootstrapper [main] Neither @ContextConfiguration nor @ContextHierarchy found for test class [org.springframework.samples.petclinic.web.LineupControllerTest], using SpringBootContextLoader
2021-01-03 13:30:53,088 INFO org.springframework.test.context.support.AbstractContextLoader [main] Could not detect default resource locations for test class [org.springframework.samples.petclinic.web.LineupControllerTest]: no resource found for suffixes {-context.xml, Context.groovy}.
2021-01-03 13:30:53,089 INFO org.springframework.test.context.support.AnnotationConfigContextLoaderUtils [main] Could not detect default configuration classes for test class [org.springframework.samples.petclinic.web.LineupControllerTest]: LineupControllerTest does not declare any static, non-private, non-final, nested classes annotated with @Configuration.
2021-01-03 13:30:53,236 INFO org.springframework.boot.test.context.SpringBootTestContextBootstrapper [main] Found @SpringBootConfiguration org.springframework.samples.petclinic.PetclinicApplication for test class org.springframework.samples.petclinic.web.LineupControllerTest
2021-01-03 13:30:53,239 INFO org.springframework.test.context.support.AbstractTestContextBootstrapper [main] Loaded default TestExecutionListener class names from location [META-INF/spring.factories]: [org.springframework.boot.test.mock.mockito.MockitoTestExecutionListener, org.springframework.boot.test.mock.mockito.ResetMocksTestExecutionListener, org.springframework.boot.test.autoconfigure.restdocs.RestDocsTestExecutionListener, org.springframework.boot.test.autoconfigure.web.client.MockRestServiceServerResetTestExecutionListener, org.springframework.boot.test.autoconfigure.web.servlet.MockMvcPrintOnlyOnFailureTestExecutionListener, org.springframework.boot.test.autoconfigure.web.servlet.WebDriverTestExecutionListener, org.springframework.test.context.web.ServletTestExecutionListener, org.springframework.test.context.support.DirtiesContextBeforeModesTestExecutionListener, org.springframework.test.context.support.DependencyInjectionTestExecutionListener, org.springframework.test.context.support.DirtiesContextTestExecutionListener, org.springframework.test.context.transaction.TransactionalTestExecutionListener, org.springframework.test.context.jdbc.SqlScriptsTestExecutionListener, org.springframework.test.context.event.EventPublishingTestExecutionListener, org.springframework.security.test.context.support.WithSecurityContextTestExecutionListener, org.springframework.security.test.context.support.ReactorContextTestExecutionListener]
2021-01-03 13:30:53,255 INFO org.springframework.test.context.support.AbstractTestContextBootstrapper [main] Using TestExecutionListeners: [org.springframework.test.context.web.ServletTestExecutionListener@74e28667, org.springframework.test.context.support.DirtiesContextBeforeModesTestExecutionListener@1cf6d1be, org.springframework.boot.test.mock.mockito.MockitoTestExecutionListener@663c9e7a, org.springframework.boot.test.autoconfigure.SpringBootDependencyInjectionTestExecutionListener@19e4653c, org.springframework.test.context.support.DirtiesContextTestExecutionListener@795509d9, org.springframework.test.context.transaction.TransactionalTestExecutionListener@53045c6c, org.springframework.test.context.jdbc.SqlScriptsTestExecutionListener@5149d738, org.springframework.test.context.event.EventPublishingTestExecutionListener@6bbe85a8, org.springframework.security.test.context.support.WithSecurityContextTestExecutionListener@3a7442c7, org.springframework.security.test.context.support.ReactorContextTestExecutionListener@4be29ed9, org.springframework.boot.test.mock.mockito.ResetMocksTestExecutionListener@548d708a, org.springframework.boot.test.autoconfigure.restdocs.RestDocsTestExecutionListener@4b013c76, org.springframework.boot.test.autoconfigure.web.client.MockRestServiceServerResetTestExecutionListener@53fb3dab, org.springframework.boot.test.autoconfigure.web.servlet.MockMvcPrintOnlyOnFailureTestExecutionListener@cb0755b, org.springframework.boot.test.autoconfigure.web.servlet.WebDriverTestExecutionListener@33065d67]
2021-01-03 13:30:53,601 WARN org.springframework.boot.test.json.DuplicateJsonObjectContextCustomizerFactory$DuplicateJsonObjectContextCustomizer [main] 

Found multiple occurrences of org.json.JSONObject on the class path:

	jar:file:/C:/Users/super/.m2/repository/com/vaadin/external/google/android-json/0.0.20131108.vaadin1/android-json-0.0.20131108.vaadin1.jar!/org/json/JSONObject.class
	jar:file:/C:/Users/super/.m2/repository/org/json/json/20190722/json-20190722.jar!/org/json/JSONObject.class

You may wish to exclude one of them to ensure predictable runtime behavior

2021-01-03 13:30:53,617 INFO org.springframework.boot.StartupInfoLogger [main] Starting LineupControllerTest on DESKTOP-AEAJ6CQ with PID 16068 (started by super in C:\Users\super\git\dp1-2020-g2-05)
2021-01-03 13:30:53,617 DEBUG org.springframework.boot.StartupInfoLogger [main] Running with Spring Boot v2.2.4.RELEASE, Spring v5.2.3.RELEASE
2021-01-03 13:30:53,619 INFO org.springframework.boot.SpringApplication [main] No active profile set, falling back to default profiles: default
2021-01-03 13:30:55,116 INFO org.springframework.scheduling.concurrent.ExecutorConfigurationSupport [main] Initializing ExecutorService 'applicationTaskExecutor'
2021-01-03 13:30:55,894 INFO org.springframework.boot.autoconfigure.security.servlet.UserDetailsServiceAutoConfiguration [main] 

Using generated security password: 1ee20532-cd8b-40ef-88ad-9ba3ddc3eb55

2021-01-03 13:30:56,080 INFO org.springframework.security.web.DefaultSecurityFilterChain [main] Creating filter chain: any request, [org.springframework.security.web.context.request.async.WebAsyncManagerIntegrationFilter@33188612, org.springframework.security.web.context.SecurityContextPersistenceFilter@59c04bee, org.springframework.security.web.header.HeaderWriterFilter@4ed5a1b0, org.springframework.security.web.csrf.CsrfFilter@78ec89a6, org.springframework.security.web.authentication.logout.LogoutFilter@7951c3a2, org.springframework.security.web.authentication.UsernamePasswordAuthenticationFilter@1e84f3c8, org.springframework.security.web.authentication.ui.DefaultLoginPageGeneratingFilter@3cd26422, org.springframework.security.web.authentication.ui.DefaultLogoutPageGeneratingFilter@4733f6f5, org.springframework.security.web.authentication.www.BasicAuthenticationFilter@2ceca2ef, org.springframework.security.web.savedrequest.RequestCacheAwareFilter@f2a1813, org.springframework.security.web.servletapi.SecurityContextHolderAwareRequestFilter@414f87a9, org.springframework.security.web.authentication.AnonymousAuthenticationFilter@6ccac6f4, org.springframework.security.web.session.SessionManagementFilter@3135bf25, org.springframework.security.web.access.ExceptionTranslationFilter@a146b11, org.springframework.security.web.access.intercept.FilterSecurityInterceptor@69aa7d76]
2021-01-03 13:30:56,135 INFO org.springframework.mock.web.MockServletContext [main] Initializing Spring TestDispatcherServlet ''
2021-01-03 13:30:56,136 INFO org.springframework.web.servlet.FrameworkServlet [main] Initializing Servlet ''
2021-01-03 13:30:56,154 INFO org.springframework.web.servlet.FrameworkServlet [main] Completed initialization in 18 ms
2021-01-03 13:30:56,184 INFO org.springframework.boot.StartupInfoLogger [main] Started LineupControllerTest in 2.821 seconds (JVM running for 3.809)
2021-01-03 13:30:56,349 INFO org.springframework.scheduling.concurrent.ExecutorConfigurationSupport [SpringContextShutdownHook] Shutting down ExecutorService 'applicationTaskExecutor'
2021-01-03 13:33:11,216 INFO org.springframework.test.context.support.AbstractTestContextBootstrapper [main] Neither @ContextConfiguration nor @ContextHierarchy found for test class [org.springframework.samples.petclinic.web.LineupControllerTest], using SpringBootContextLoader
2021-01-03 13:33:11,222 INFO org.springframework.test.context.support.AbstractContextLoader [main] Could not detect default resource locations for test class [org.springframework.samples.petclinic.web.LineupControllerTest]: no resource found for suffixes {-context.xml, Context.groovy}.
2021-01-03 13:33:11,222 INFO org.springframework.test.context.support.AnnotationConfigContextLoaderUtils [main] Could not detect default configuration classes for test class [org.springframework.samples.petclinic.web.LineupControllerTest]: LineupControllerTest does not declare any static, non-private, non-final, nested classes annotated with @Configuration.
2021-01-03 13:33:11,370 INFO org.springframework.boot.test.context.SpringBootTestContextBootstrapper [main] Found @SpringBootConfiguration org.springframework.samples.petclinic.PetclinicApplication for test class org.springframework.samples.petclinic.web.LineupControllerTest
2021-01-03 13:33:11,372 INFO org.springframework.test.context.support.AbstractTestContextBootstrapper [main] Loaded default TestExecutionListener class names from location [META-INF/spring.factories]: [org.springframework.boot.test.mock.mockito.MockitoTestExecutionListener, org.springframework.boot.test.mock.mockito.ResetMocksTestExecutionListener, org.springframework.boot.test.autoconfigure.restdocs.RestDocsTestExecutionListener, org.springframework.boot.test.autoconfigure.web.client.MockRestServiceServerResetTestExecutionListener, org.springframework.boot.test.autoconfigure.web.servlet.MockMvcPrintOnlyOnFailureTestExecutionListener, org.springframework.boot.test.autoconfigure.web.servlet.WebDriverTestExecutionListener, org.springframework.test.context.web.ServletTestExecutionListener, org.springframework.test.context.support.DirtiesContextBeforeModesTestExecutionListener, org.springframework.test.context.support.DependencyInjectionTestExecutionListener, org.springframework.test.context.support.DirtiesContextTestExecutionListener, org.springframework.test.context.transaction.TransactionalTestExecutionListener, org.springframework.test.context.jdbc.SqlScriptsTestExecutionListener, org.springframework.test.context.event.EventPublishingTestExecutionListener, org.springframework.security.test.context.support.WithSecurityContextTestExecutionListener, org.springframework.security.test.context.support.ReactorContextTestExecutionListener]
2021-01-03 13:33:11,388 INFO org.springframework.test.context.support.AbstractTestContextBootstrapper [main] Using TestExecutionListeners: [org.springframework.test.context.web.ServletTestExecutionListener@74e28667, org.springframework.test.context.support.DirtiesContextBeforeModesTestExecutionListener@1cf6d1be, org.springframework.boot.test.mock.mockito.MockitoTestExecutionListener@663c9e7a, org.springframework.boot.test.autoconfigure.SpringBootDependencyInjectionTestExecutionListener@19e4653c, org.springframework.test.context.support.DirtiesContextTestExecutionListener@795509d9, org.springframework.test.context.transaction.TransactionalTestExecutionListener@53045c6c, org.springframework.test.context.jdbc.SqlScriptsTestExecutionListener@5149d738, org.springframework.test.context.event.EventPublishingTestExecutionListener@6bbe85a8, org.springframework.security.test.context.support.WithSecurityContextTestExecutionListener@3a7442c7, org.springframework.security.test.context.support.ReactorContextTestExecutionListener@4be29ed9, org.springframework.boot.test.mock.mockito.ResetMocksTestExecutionListener@548d708a, org.springframework.boot.test.autoconfigure.restdocs.RestDocsTestExecutionListener@4b013c76, org.springframework.boot.test.autoconfigure.web.client.MockRestServiceServerResetTestExecutionListener@53fb3dab, org.springframework.boot.test.autoconfigure.web.servlet.MockMvcPrintOnlyOnFailureTestExecutionListener@cb0755b, org.springframework.boot.test.autoconfigure.web.servlet.WebDriverTestExecutionListener@33065d67]
2021-01-03 13:33:11,745 WARN org.springframework.boot.test.json.DuplicateJsonObjectContextCustomizerFactory$DuplicateJsonObjectContextCustomizer [main] 

Found multiple occurrences of org.json.JSONObject on the class path:

	jar:file:/C:/Users/super/.m2/repository/com/vaadin/external/google/android-json/0.0.20131108.vaadin1/android-json-0.0.20131108.vaadin1.jar!/org/json/JSONObject.class
	jar:file:/C:/Users/super/.m2/repository/org/json/json/20190722/json-20190722.jar!/org/json/JSONObject.class

You may wish to exclude one of them to ensure predictable runtime behavior

2021-01-03 13:33:11,758 INFO org.springframework.boot.StartupInfoLogger [main] Starting LineupControllerTest on DESKTOP-AEAJ6CQ with PID 16180 (started by super in C:\Users\super\git\dp1-2020-g2-05)
2021-01-03 13:33:11,759 DEBUG org.springframework.boot.StartupInfoLogger [main] Running with Spring Boot v2.2.4.RELEASE, Spring v5.2.3.RELEASE
2021-01-03 13:33:11,760 INFO org.springframework.boot.SpringApplication [main] No active profile set, falling back to default profiles: default
2021-01-03 13:33:13,229 INFO org.springframework.scheduling.concurrent.ExecutorConfigurationSupport [main] Initializing ExecutorService 'applicationTaskExecutor'
2021-01-03 13:33:14,031 INFO org.springframework.boot.autoconfigure.security.servlet.UserDetailsServiceAutoConfiguration [main] 

Using generated security password: 908774bd-632b-4887-b231-fde04dfd48ca

2021-01-03 13:33:14,211 INFO org.springframework.security.web.DefaultSecurityFilterChain [main] Creating filter chain: any request, [org.springframework.security.web.context.request.async.WebAsyncManagerIntegrationFilter@56c8e6f0, org.springframework.security.web.context.SecurityContextPersistenceFilter@388623ad, org.springframework.security.web.header.HeaderWriterFilter@45900b64, org.springframework.security.web.csrf.CsrfFilter@294aba23, org.springframework.security.web.authentication.logout.LogoutFilter@2d0b05, org.springframework.security.web.authentication.UsernamePasswordAuthenticationFilter@50ab56e2, org.springframework.security.web.authentication.ui.DefaultLoginPageGeneratingFilter@2ed71727, org.springframework.security.web.authentication.ui.DefaultLogoutPageGeneratingFilter@71b6172c, org.springframework.security.web.authentication.www.BasicAuthenticationFilter@6ccac6f4, org.springframework.security.web.savedrequest.RequestCacheAwareFilter@46e3559f, org.springframework.security.web.servletapi.SecurityContextHolderAwareRequestFilter@6e31d989, org.springframework.security.web.authentication.AnonymousAuthenticationFilter@58aa10f4, org.springframework.security.web.session.SessionManagementFilter@79f90a3a, org.springframework.security.web.access.ExceptionTranslationFilter@4116f66a, org.springframework.security.web.access.intercept.FilterSecurityInterceptor@270d43a7]
2021-01-03 13:33:14,274 INFO org.springframework.mock.web.MockServletContext [main] Initializing Spring TestDispatcherServlet ''
2021-01-03 13:33:14,275 INFO org.springframework.web.servlet.FrameworkServlet [main] Initializing Servlet ''
2021-01-03 13:33:14,289 INFO org.springframework.web.servlet.FrameworkServlet [main] Completed initialization in 14 ms
2021-01-03 13:33:14,319 INFO org.springframework.boot.StartupInfoLogger [main] Started LineupControllerTest in 2.802 seconds (JVM running for 3.855)
2021-01-03 13:33:14,403 INFO org.springframework.scheduling.concurrent.ExecutorConfigurationSupport [SpringContextShutdownHook] Shutting down ExecutorService 'applicationTaskExecutor'
2021-01-03 13:33:45,516 INFO org.springframework.test.context.support.AbstractTestContextBootstrapper [main] Neither @ContextConfiguration nor @ContextHierarchy found for test class [org.springframework.samples.petclinic.web.LineupControllerTest], using SpringBootContextLoader
2021-01-03 13:33:45,522 INFO org.springframework.test.context.support.AbstractContextLoader [main] Could not detect default resource locations for test class [org.springframework.samples.petclinic.web.LineupControllerTest]: no resource found for suffixes {-context.xml, Context.groovy}.
2021-01-03 13:33:45,523 INFO org.springframework.test.context.support.AnnotationConfigContextLoaderUtils [main] Could not detect default configuration classes for test class [org.springframework.samples.petclinic.web.LineupControllerTest]: LineupControllerTest does not declare any static, non-private, non-final, nested classes annotated with @Configuration.
2021-01-03 13:33:45,669 INFO org.springframework.boot.test.context.SpringBootTestContextBootstrapper [main] Found @SpringBootConfiguration org.springframework.samples.petclinic.PetclinicApplication for test class org.springframework.samples.petclinic.web.LineupControllerTest
2021-01-03 13:33:45,671 INFO org.springframework.test.context.support.AbstractTestContextBootstrapper [main] Loaded default TestExecutionListener class names from location [META-INF/spring.factories]: [org.springframework.boot.test.mock.mockito.MockitoTestExecutionListener, org.springframework.boot.test.mock.mockito.ResetMocksTestExecutionListener, org.springframework.boot.test.autoconfigure.restdocs.RestDocsTestExecutionListener, org.springframework.boot.test.autoconfigure.web.client.MockRestServiceServerResetTestExecutionListener, org.springframework.boot.test.autoconfigure.web.servlet.MockMvcPrintOnlyOnFailureTestExecutionListener, org.springframework.boot.test.autoconfigure.web.servlet.WebDriverTestExecutionListener, org.springframework.test.context.web.ServletTestExecutionListener, org.springframework.test.context.support.DirtiesContextBeforeModesTestExecutionListener, org.springframework.test.context.support.DependencyInjectionTestExecutionListener, org.springframework.test.context.support.DirtiesContextTestExecutionListener, org.springframework.test.context.transaction.TransactionalTestExecutionListener, org.springframework.test.context.jdbc.SqlScriptsTestExecutionListener, org.springframework.test.context.event.EventPublishingTestExecutionListener, org.springframework.security.test.context.support.WithSecurityContextTestExecutionListener, org.springframework.security.test.context.support.ReactorContextTestExecutionListener]
2021-01-03 13:33:45,688 INFO org.springframework.test.context.support.AbstractTestContextBootstrapper [main] Using TestExecutionListeners: [org.springframework.test.context.web.ServletTestExecutionListener@74e28667, org.springframework.test.context.support.DirtiesContextBeforeModesTestExecutionListener@1cf6d1be, org.springframework.boot.test.mock.mockito.MockitoTestExecutionListener@663c9e7a, org.springframework.boot.test.autoconfigure.SpringBootDependencyInjectionTestExecutionListener@19e4653c, org.springframework.test.context.support.DirtiesContextTestExecutionListener@795509d9, org.springframework.test.context.transaction.TransactionalTestExecutionListener@53045c6c, org.springframework.test.context.jdbc.SqlScriptsTestExecutionListener@5149d738, org.springframework.test.context.event.EventPublishingTestExecutionListener@6bbe85a8, org.springframework.security.test.context.support.WithSecurityContextTestExecutionListener@3a7442c7, org.springframework.security.test.context.support.ReactorContextTestExecutionListener@4be29ed9, org.springframework.boot.test.mock.mockito.ResetMocksTestExecutionListener@548d708a, org.springframework.boot.test.autoconfigure.restdocs.RestDocsTestExecutionListener@4b013c76, org.springframework.boot.test.autoconfigure.web.client.MockRestServiceServerResetTestExecutionListener@53fb3dab, org.springframework.boot.test.autoconfigure.web.servlet.MockMvcPrintOnlyOnFailureTestExecutionListener@cb0755b, org.springframework.boot.test.autoconfigure.web.servlet.WebDriverTestExecutionListener@33065d67]
2021-01-03 13:33:46,038 WARN org.springframework.boot.test.json.DuplicateJsonObjectContextCustomizerFactory$DuplicateJsonObjectContextCustomizer [main] 

Found multiple occurrences of org.json.JSONObject on the class path:

	jar:file:/C:/Users/super/.m2/repository/com/vaadin/external/google/android-json/0.0.20131108.vaadin1/android-json-0.0.20131108.vaadin1.jar!/org/json/JSONObject.class
	jar:file:/C:/Users/super/.m2/repository/org/json/json/20190722/json-20190722.jar!/org/json/JSONObject.class

You may wish to exclude one of them to ensure predictable runtime behavior

2021-01-03 13:33:46,050 INFO org.springframework.boot.StartupInfoLogger [main] Starting LineupControllerTest on DESKTOP-AEAJ6CQ with PID 11000 (started by super in C:\Users\super\git\dp1-2020-g2-05)
2021-01-03 13:33:46,051 DEBUG org.springframework.boot.StartupInfoLogger [main] Running with Spring Boot v2.2.4.RELEASE, Spring v5.2.3.RELEASE
2021-01-03 13:33:46,052 INFO org.springframework.boot.SpringApplication [main] No active profile set, falling back to default profiles: default
2021-01-03 13:33:47,478 INFO org.springframework.scheduling.concurrent.ExecutorConfigurationSupport [main] Initializing ExecutorService 'applicationTaskExecutor'
2021-01-03 13:33:48,271 INFO org.springframework.boot.autoconfigure.security.servlet.UserDetailsServiceAutoConfiguration [main] 

Using generated security password: 16b52c7e-74e9-4872-9ff5-051c92076492

2021-01-03 13:33:48,477 INFO org.springframework.security.web.DefaultSecurityFilterChain [main] Creating filter chain: any request, [org.springframework.security.web.context.request.async.WebAsyncManagerIntegrationFilter@56c8e6f0, org.springframework.security.web.context.SecurityContextPersistenceFilter@388623ad, org.springframework.security.web.header.HeaderWriterFilter@45900b64, org.springframework.security.web.csrf.CsrfFilter@294aba23, org.springframework.security.web.authentication.logout.LogoutFilter@2d0b05, org.springframework.security.web.authentication.UsernamePasswordAuthenticationFilter@50ab56e2, org.springframework.security.web.authentication.ui.DefaultLoginPageGeneratingFilter@2ed71727, org.springframework.security.web.authentication.ui.DefaultLogoutPageGeneratingFilter@71b6172c, org.springframework.security.web.authentication.www.BasicAuthenticationFilter@6ccac6f4, org.springframework.security.web.savedrequest.RequestCacheAwareFilter@46e3559f, org.springframework.security.web.servletapi.SecurityContextHolderAwareRequestFilter@6e31d989, org.springframework.security.web.authentication.AnonymousAuthenticationFilter@58aa10f4, org.springframework.security.web.session.SessionManagementFilter@79f90a3a, org.springframework.security.web.access.ExceptionTranslationFilter@4116f66a, org.springframework.security.web.access.intercept.FilterSecurityInterceptor@270d43a7]
2021-01-03 13:33:48,540 INFO org.springframework.mock.web.MockServletContext [main] Initializing Spring TestDispatcherServlet ''
2021-01-03 13:33:48,541 INFO org.springframework.web.servlet.FrameworkServlet [main] Initializing Servlet ''
2021-01-03 13:33:48,555 INFO org.springframework.web.servlet.FrameworkServlet [main] Completed initialization in 14 ms
2021-01-03 13:33:48,588 INFO org.springframework.boot.StartupInfoLogger [main] Started LineupControllerTest in 2.785 seconds (JVM running for 3.759)
2021-01-03 13:33:48,711 INFO org.springframework.scheduling.concurrent.ExecutorConfigurationSupport [SpringContextShutdownHook] Shutting down ExecutorService 'applicationTaskExecutor'
2021-01-03 13:34:29,366 INFO org.springframework.test.context.support.AbstractTestContextBootstrapper [main] Neither @ContextConfiguration nor @ContextHierarchy found for test class [org.springframework.samples.petclinic.web.LineupControllerTest], using SpringBootContextLoader
2021-01-03 13:34:29,371 INFO org.springframework.test.context.support.AbstractContextLoader [main] Could not detect default resource locations for test class [org.springframework.samples.petclinic.web.LineupControllerTest]: no resource found for suffixes {-context.xml, Context.groovy}.
2021-01-03 13:34:29,372 INFO org.springframework.test.context.support.AnnotationConfigContextLoaderUtils [main] Could not detect default configuration classes for test class [org.springframework.samples.petclinic.web.LineupControllerTest]: LineupControllerTest does not declare any static, non-private, non-final, nested classes annotated with @Configuration.
2021-01-03 13:34:29,519 INFO org.springframework.boot.test.context.SpringBootTestContextBootstrapper [main] Found @SpringBootConfiguration org.springframework.samples.petclinic.PetclinicApplication for test class org.springframework.samples.petclinic.web.LineupControllerTest
2021-01-03 13:34:29,522 INFO org.springframework.test.context.support.AbstractTestContextBootstrapper [main] Loaded default TestExecutionListener class names from location [META-INF/spring.factories]: [org.springframework.boot.test.mock.mockito.MockitoTestExecutionListener, org.springframework.boot.test.mock.mockito.ResetMocksTestExecutionListener, org.springframework.boot.test.autoconfigure.restdocs.RestDocsTestExecutionListener, org.springframework.boot.test.autoconfigure.web.client.MockRestServiceServerResetTestExecutionListener, org.springframework.boot.test.autoconfigure.web.servlet.MockMvcPrintOnlyOnFailureTestExecutionListener, org.springframework.boot.test.autoconfigure.web.servlet.WebDriverTestExecutionListener, org.springframework.test.context.web.ServletTestExecutionListener, org.springframework.test.context.support.DirtiesContextBeforeModesTestExecutionListener, org.springframework.test.context.support.DependencyInjectionTestExecutionListener, org.springframework.test.context.support.DirtiesContextTestExecutionListener, org.springframework.test.context.transaction.TransactionalTestExecutionListener, org.springframework.test.context.jdbc.SqlScriptsTestExecutionListener, org.springframework.test.context.event.EventPublishingTestExecutionListener, org.springframework.security.test.context.support.WithSecurityContextTestExecutionListener, org.springframework.security.test.context.support.ReactorContextTestExecutionListener]
2021-01-03 13:34:29,538 INFO org.springframework.test.context.support.AbstractTestContextBootstrapper [main] Using TestExecutionListeners: [org.springframework.test.context.web.ServletTestExecutionListener@74e28667, org.springframework.test.context.support.DirtiesContextBeforeModesTestExecutionListener@1cf6d1be, org.springframework.boot.test.mock.mockito.MockitoTestExecutionListener@663c9e7a, org.springframework.boot.test.autoconfigure.SpringBootDependencyInjectionTestExecutionListener@19e4653c, org.springframework.test.context.support.DirtiesContextTestExecutionListener@795509d9, org.springframework.test.context.transaction.TransactionalTestExecutionListener@53045c6c, org.springframework.test.context.jdbc.SqlScriptsTestExecutionListener@5149d738, org.springframework.test.context.event.EventPublishingTestExecutionListener@6bbe85a8, org.springframework.security.test.context.support.WithSecurityContextTestExecutionListener@3a7442c7, org.springframework.security.test.context.support.ReactorContextTestExecutionListener@4be29ed9, org.springframework.boot.test.mock.mockito.ResetMocksTestExecutionListener@548d708a, org.springframework.boot.test.autoconfigure.restdocs.RestDocsTestExecutionListener@4b013c76, org.springframework.boot.test.autoconfigure.web.client.MockRestServiceServerResetTestExecutionListener@53fb3dab, org.springframework.boot.test.autoconfigure.web.servlet.MockMvcPrintOnlyOnFailureTestExecutionListener@cb0755b, org.springframework.boot.test.autoconfigure.web.servlet.WebDriverTestExecutionListener@33065d67]
2021-01-03 13:34:29,880 WARN org.springframework.boot.test.json.DuplicateJsonObjectContextCustomizerFactory$DuplicateJsonObjectContextCustomizer [main] 

Found multiple occurrences of org.json.JSONObject on the class path:

	jar:file:/C:/Users/super/.m2/repository/com/vaadin/external/google/android-json/0.0.20131108.vaadin1/android-json-0.0.20131108.vaadin1.jar!/org/json/JSONObject.class
	jar:file:/C:/Users/super/.m2/repository/org/json/json/20190722/json-20190722.jar!/org/json/JSONObject.class

You may wish to exclude one of them to ensure predictable runtime behavior

2021-01-03 13:34:29,892 INFO org.springframework.boot.StartupInfoLogger [main] Starting LineupControllerTest on DESKTOP-AEAJ6CQ with PID 9252 (started by super in C:\Users\super\git\dp1-2020-g2-05)
2021-01-03 13:34:29,893 DEBUG org.springframework.boot.StartupInfoLogger [main] Running with Spring Boot v2.2.4.RELEASE, Spring v5.2.3.RELEASE
2021-01-03 13:34:29,894 INFO org.springframework.boot.SpringApplication [main] No active profile set, falling back to default profiles: default
2021-01-03 13:34:31,366 INFO org.springframework.scheduling.concurrent.ExecutorConfigurationSupport [main] Initializing ExecutorService 'applicationTaskExecutor'
2021-01-03 13:34:32,137 INFO org.springframework.boot.autoconfigure.security.servlet.UserDetailsServiceAutoConfiguration [main] 

Using generated security password: 9938ec49-584a-4b09-8dc1-7daf46f1a1c1

2021-01-03 13:34:32,328 INFO org.springframework.security.web.DefaultSecurityFilterChain [main] Creating filter chain: any request, [org.springframework.security.web.context.request.async.WebAsyncManagerIntegrationFilter@723877dd, org.springframework.security.web.context.SecurityContextPersistenceFilter@2eda072, org.springframework.security.web.header.HeaderWriterFilter@3b83459e, org.springframework.security.web.csrf.CsrfFilter@1d02af26, org.springframework.security.web.authentication.logout.LogoutFilter@7a3269f5, org.springframework.security.web.authentication.UsernamePasswordAuthenticationFilter@7a2ab862, org.springframework.security.web.authentication.ui.DefaultLoginPageGeneratingFilter@2d119405, org.springframework.security.web.authentication.ui.DefaultLogoutPageGeneratingFilter@415ef4d8, org.springframework.security.web.authentication.www.BasicAuthenticationFilter@5e5beb8a, org.springframework.security.web.savedrequest.RequestCacheAwareFilter@416d56f2, org.springframework.security.web.servletapi.SecurityContextHolderAwareRequestFilter@7951c3a2, org.springframework.security.web.authentication.AnonymousAuthenticationFilter@56cc9f29, org.springframework.security.web.session.SessionManagementFilter@414f87a9, org.springframework.security.web.access.ExceptionTranslationFilter@91f565d, org.springframework.security.web.access.intercept.FilterSecurityInterceptor@5d5a51b1]
2021-01-03 13:34:32,384 INFO org.springframework.mock.web.MockServletContext [main] Initializing Spring TestDispatcherServlet ''
2021-01-03 13:34:32,385 INFO org.springframework.web.servlet.FrameworkServlet [main] Initializing Servlet ''
2021-01-03 13:34:32,399 INFO org.springframework.web.servlet.FrameworkServlet [main] Completed initialization in 13 ms
2021-01-03 13:34:32,430 INFO org.springframework.boot.StartupInfoLogger [main] Started LineupControllerTest in 2.778 seconds (JVM running for 3.743)
2021-01-03 13:34:32,541 INFO org.springframework.samples.petclinic.web.LineupController [main] Showing all lineups in database
2021-01-03 13:34:32,590 INFO org.springframework.scheduling.concurrent.ExecutorConfigurationSupport [SpringContextShutdownHook] Shutting down ExecutorService 'applicationTaskExecutor'
2021-01-03 13:34:48,345 INFO org.springframework.test.context.support.AbstractTestContextBootstrapper [main] Neither @ContextConfiguration nor @ContextHierarchy found for test class [org.springframework.samples.petclinic.web.LineupControllerTest], using SpringBootContextLoader
2021-01-03 13:34:48,351 INFO org.springframework.test.context.support.AbstractContextLoader [main] Could not detect default resource locations for test class [org.springframework.samples.petclinic.web.LineupControllerTest]: no resource found for suffixes {-context.xml, Context.groovy}.
2021-01-03 13:34:48,352 INFO org.springframework.test.context.support.AnnotationConfigContextLoaderUtils [main] Could not detect default configuration classes for test class [org.springframework.samples.petclinic.web.LineupControllerTest]: LineupControllerTest does not declare any static, non-private, non-final, nested classes annotated with @Configuration.
2021-01-03 13:34:48,504 INFO org.springframework.boot.test.context.SpringBootTestContextBootstrapper [main] Found @SpringBootConfiguration org.springframework.samples.petclinic.PetclinicApplication for test class org.springframework.samples.petclinic.web.LineupControllerTest
2021-01-03 13:34:48,507 INFO org.springframework.test.context.support.AbstractTestContextBootstrapper [main] Loaded default TestExecutionListener class names from location [META-INF/spring.factories]: [org.springframework.boot.test.mock.mockito.MockitoTestExecutionListener, org.springframework.boot.test.mock.mockito.ResetMocksTestExecutionListener, org.springframework.boot.test.autoconfigure.restdocs.RestDocsTestExecutionListener, org.springframework.boot.test.autoconfigure.web.client.MockRestServiceServerResetTestExecutionListener, org.springframework.boot.test.autoconfigure.web.servlet.MockMvcPrintOnlyOnFailureTestExecutionListener, org.springframework.boot.test.autoconfigure.web.servlet.WebDriverTestExecutionListener, org.springframework.test.context.web.ServletTestExecutionListener, org.springframework.test.context.support.DirtiesContextBeforeModesTestExecutionListener, org.springframework.test.context.support.DependencyInjectionTestExecutionListener, org.springframework.test.context.support.DirtiesContextTestExecutionListener, org.springframework.test.context.transaction.TransactionalTestExecutionListener, org.springframework.test.context.jdbc.SqlScriptsTestExecutionListener, org.springframework.test.context.event.EventPublishingTestExecutionListener, org.springframework.security.test.context.support.WithSecurityContextTestExecutionListener, org.springframework.security.test.context.support.ReactorContextTestExecutionListener]
2021-01-03 13:34:48,522 INFO org.springframework.test.context.support.AbstractTestContextBootstrapper [main] Using TestExecutionListeners: [org.springframework.test.context.web.ServletTestExecutionListener@74e28667, org.springframework.test.context.support.DirtiesContextBeforeModesTestExecutionListener@1cf6d1be, org.springframework.boot.test.mock.mockito.MockitoTestExecutionListener@663c9e7a, org.springframework.boot.test.autoconfigure.SpringBootDependencyInjectionTestExecutionListener@19e4653c, org.springframework.test.context.support.DirtiesContextTestExecutionListener@795509d9, org.springframework.test.context.transaction.TransactionalTestExecutionListener@53045c6c, org.springframework.test.context.jdbc.SqlScriptsTestExecutionListener@5149d738, org.springframework.test.context.event.EventPublishingTestExecutionListener@6bbe85a8, org.springframework.security.test.context.support.WithSecurityContextTestExecutionListener@3a7442c7, org.springframework.security.test.context.support.ReactorContextTestExecutionListener@4be29ed9, org.springframework.boot.test.mock.mockito.ResetMocksTestExecutionListener@548d708a, org.springframework.boot.test.autoconfigure.restdocs.RestDocsTestExecutionListener@4b013c76, org.springframework.boot.test.autoconfigure.web.client.MockRestServiceServerResetTestExecutionListener@53fb3dab, org.springframework.boot.test.autoconfigure.web.servlet.MockMvcPrintOnlyOnFailureTestExecutionListener@cb0755b, org.springframework.boot.test.autoconfigure.web.servlet.WebDriverTestExecutionListener@33065d67]
2021-01-03 13:34:48,862 WARN org.springframework.boot.test.json.DuplicateJsonObjectContextCustomizerFactory$DuplicateJsonObjectContextCustomizer [main] 

Found multiple occurrences of org.json.JSONObject on the class path:

	jar:file:/C:/Users/super/.m2/repository/com/vaadin/external/google/android-json/0.0.20131108.vaadin1/android-json-0.0.20131108.vaadin1.jar!/org/json/JSONObject.class
	jar:file:/C:/Users/super/.m2/repository/org/json/json/20190722/json-20190722.jar!/org/json/JSONObject.class

You may wish to exclude one of them to ensure predictable runtime behavior

2021-01-03 13:34:48,875 INFO org.springframework.boot.StartupInfoLogger [main] Starting LineupControllerTest on DESKTOP-AEAJ6CQ with PID 12936 (started by super in C:\Users\super\git\dp1-2020-g2-05)
2021-01-03 13:34:48,876 DEBUG org.springframework.boot.StartupInfoLogger [main] Running with Spring Boot v2.2.4.RELEASE, Spring v5.2.3.RELEASE
2021-01-03 13:34:48,877 INFO org.springframework.boot.SpringApplication [main] No active profile set, falling back to default profiles: default
2021-01-03 13:34:50,369 INFO org.springframework.scheduling.concurrent.ExecutorConfigurationSupport [main] Initializing ExecutorService 'applicationTaskExecutor'
2021-01-03 13:34:51,154 INFO org.springframework.boot.autoconfigure.security.servlet.UserDetailsServiceAutoConfiguration [main] 

Using generated security password: 5a753ddd-7031-4955-a2b4-366b4f26a25d

2021-01-03 13:34:51,345 INFO org.springframework.security.web.DefaultSecurityFilterChain [main] Creating filter chain: any request, [org.springframework.security.web.context.request.async.WebAsyncManagerIntegrationFilter@17b016ac, org.springframework.security.web.context.SecurityContextPersistenceFilter@1ddc6db2, org.springframework.security.web.header.HeaderWriterFilter@91f565d, org.springframework.security.web.csrf.CsrfFilter@58a2d9f9, org.springframework.security.web.authentication.logout.LogoutFilter@78fe204a, org.springframework.security.web.authentication.UsernamePasswordAuthenticationFilter@42d6c12d, org.springframework.security.web.authentication.ui.DefaultLoginPageGeneratingFilter@7951c3a2, org.springframework.security.web.authentication.ui.DefaultLogoutPageGeneratingFilter@733ec58b, org.springframework.security.web.authentication.www.BasicAuthenticationFilter@58aa10f4, org.springframework.security.web.savedrequest.RequestCacheAwareFilter@2eda072, org.springframework.security.web.servletapi.SecurityContextHolderAwareRequestFilter@72a2312e, org.springframework.security.web.authentication.AnonymousAuthenticationFilter@723877dd, org.springframework.security.web.session.SessionManagementFilter@3b83459e, org.springframework.security.web.access.ExceptionTranslationFilter@67b355c8, org.springframework.security.web.access.intercept.FilterSecurityInterceptor@7b2ccba5]
2021-01-03 13:34:51,395 INFO org.springframework.mock.web.MockServletContext [main] Initializing Spring TestDispatcherServlet ''
2021-01-03 13:34:51,396 INFO org.springframework.web.servlet.FrameworkServlet [main] Initializing Servlet ''
2021-01-03 13:34:51,411 INFO org.springframework.web.servlet.FrameworkServlet [main] Completed initialization in 15 ms
2021-01-03 13:34:51,440 INFO org.springframework.boot.StartupInfoLogger [main] Started LineupControllerTest in 2.801 seconds (JVM running for 3.794)
2021-01-03 13:34:51,555 INFO org.springframework.samples.petclinic.web.LineupController [main] Showing all lineups in database
2021-01-03 13:34:51,618 INFO org.springframework.scheduling.concurrent.ExecutorConfigurationSupport [SpringContextShutdownHook] Shutting down ExecutorService 'applicationTaskExecutor'
2021-01-03 13:54:17,235 INFO org.springframework.samples.petclinic.web.LineupController [http-nio-8090-exec-6] Lineup con id (1) encontrado: Lineup [recruit1=Recruit [pilot=Antonio Rojas, team=Team [name =MigueTeam, points=120, money=40000 username =antcammar4]], recruit2=Recruit [pilot=Antonio Rojas, team=Team [name =MigueTeam, points=120, money=40000 username =antcammar4]], team=Team [name =MigueTeam, points=120, money=40000 username =antcammar4], gp=GranPremio [site=Grand Prix Of Qatar, date0=2020-03-08, circuit=Losail, raceCode=QAT, results=[[Position=6, Location=Grand Prix Of Qatar, Rider=Alejandro Rojas, Pole=false, GP=1 ], [Position=5, Location=Grand Prix Of Qatar, Rider=Alvaro Rojas, Pole=false, GP=1 ], [Position=2, Location=Grand Prix Of Qatar, Rider=Antonio Rojas, Pole=false, GP=1 ], [Position=4, Location=Grand Prix Of Qatar, Rider=Mariano Rojas, Pole=false, GP=1 ], [Position=1, Location=Grand Prix Of Qatar, Rider=Sergio Rojas, Pole=true, GP=1 ], [Position=3, Location=Grand Prix Of Qatar, Rider=Miguel Rojas, Pole=false, GP=1 ]]]]
2021-01-03 13:59:12,763 INFO org.springframework.test.context.support.AbstractTestContextBootstrapper [main] Neither @ContextConfiguration nor @ContextHierarchy found for test class [org.springframework.samples.petclinic.web.LineupControllerTest], using SpringBootContextLoader
2021-01-03 13:59:12,769 INFO org.springframework.test.context.support.AbstractContextLoader [main] Could not detect default resource locations for test class [org.springframework.samples.petclinic.web.LineupControllerTest]: no resource found for suffixes {-context.xml, Context.groovy}.
2021-01-03 13:59:12,770 INFO org.springframework.test.context.support.AnnotationConfigContextLoaderUtils [main] Could not detect default configuration classes for test class [org.springframework.samples.petclinic.web.LineupControllerTest]: LineupControllerTest does not declare any static, non-private, non-final, nested classes annotated with @Configuration.
2021-01-03 13:59:12,912 INFO org.springframework.boot.test.context.SpringBootTestContextBootstrapper [main] Found @SpringBootConfiguration org.springframework.samples.petclinic.PetclinicApplication for test class org.springframework.samples.petclinic.web.LineupControllerTest
2021-01-03 13:59:12,914 INFO org.springframework.test.context.support.AbstractTestContextBootstrapper [main] Loaded default TestExecutionListener class names from location [META-INF/spring.factories]: [org.springframework.boot.test.mock.mockito.MockitoTestExecutionListener, org.springframework.boot.test.mock.mockito.ResetMocksTestExecutionListener, org.springframework.boot.test.autoconfigure.restdocs.RestDocsTestExecutionListener, org.springframework.boot.test.autoconfigure.web.client.MockRestServiceServerResetTestExecutionListener, org.springframework.boot.test.autoconfigure.web.servlet.MockMvcPrintOnlyOnFailureTestExecutionListener, org.springframework.boot.test.autoconfigure.web.servlet.WebDriverTestExecutionListener, org.springframework.test.context.web.ServletTestExecutionListener, org.springframework.test.context.support.DirtiesContextBeforeModesTestExecutionListener, org.springframework.test.context.support.DependencyInjectionTestExecutionListener, org.springframework.test.context.support.DirtiesContextTestExecutionListener, org.springframework.test.context.transaction.TransactionalTestExecutionListener, org.springframework.test.context.jdbc.SqlScriptsTestExecutionListener, org.springframework.test.context.event.EventPublishingTestExecutionListener, org.springframework.security.test.context.support.WithSecurityContextTestExecutionListener, org.springframework.security.test.context.support.ReactorContextTestExecutionListener]
2021-01-03 13:59:12,929 INFO org.springframework.test.context.support.AbstractTestContextBootstrapper [main] Using TestExecutionListeners: [org.springframework.test.context.web.ServletTestExecutionListener@1cf6d1be, org.springframework.test.context.support.DirtiesContextBeforeModesTestExecutionListener@663c9e7a, org.springframework.boot.test.mock.mockito.MockitoTestExecutionListener@19e4653c, org.springframework.boot.test.autoconfigure.SpringBootDependencyInjectionTestExecutionListener@795509d9, org.springframework.test.context.support.DirtiesContextTestExecutionListener@53045c6c, org.springframework.test.context.transaction.TransactionalTestExecutionListener@5149d738, org.springframework.test.context.jdbc.SqlScriptsTestExecutionListener@6bbe85a8, org.springframework.test.context.event.EventPublishingTestExecutionListener@3a7442c7, org.springframework.security.test.context.support.WithSecurityContextTestExecutionListener@4be29ed9, org.springframework.security.test.context.support.ReactorContextTestExecutionListener@548d708a, org.springframework.boot.test.mock.mockito.ResetMocksTestExecutionListener@4b013c76, org.springframework.boot.test.autoconfigure.restdocs.RestDocsTestExecutionListener@53fb3dab, org.springframework.boot.test.autoconfigure.web.client.MockRestServiceServerResetTestExecutionListener@cb0755b, org.springframework.boot.test.autoconfigure.web.servlet.MockMvcPrintOnlyOnFailureTestExecutionListener@33065d67, org.springframework.boot.test.autoconfigure.web.servlet.WebDriverTestExecutionListener@712625fd]
2021-01-03 13:59:13,267 WARN org.springframework.boot.test.json.DuplicateJsonObjectContextCustomizerFactory$DuplicateJsonObjectContextCustomizer [main] 

Found multiple occurrences of org.json.JSONObject on the class path:

	jar:file:/C:/Users/super/.m2/repository/com/vaadin/external/google/android-json/0.0.20131108.vaadin1/android-json-0.0.20131108.vaadin1.jar!/org/json/JSONObject.class
	jar:file:/C:/Users/super/.m2/repository/org/json/json/20190722/json-20190722.jar!/org/json/JSONObject.class

You may wish to exclude one of them to ensure predictable runtime behavior

2021-01-03 13:59:13,281 INFO org.springframework.boot.StartupInfoLogger [main] Starting LineupControllerTest on DESKTOP-AEAJ6CQ with PID 12284 (started by super in C:\Users\super\git\dp1-2020-g2-05)
2021-01-03 13:59:13,281 DEBUG org.springframework.boot.StartupInfoLogger [main] Running with Spring Boot v2.2.4.RELEASE, Spring v5.2.3.RELEASE
2021-01-03 13:59:13,283 INFO org.springframework.boot.SpringApplication [main] No active profile set, falling back to default profiles: default
2021-01-03 13:59:14,735 INFO org.springframework.scheduling.concurrent.ExecutorConfigurationSupport [main] Initializing ExecutorService 'applicationTaskExecutor'
2021-01-03 13:59:15,509 INFO org.springframework.boot.autoconfigure.security.servlet.UserDetailsServiceAutoConfiguration [main] 

Using generated security password: fa0a5f42-c6ff-462f-bb54-ca893774b299

2021-01-03 13:59:15,695 INFO org.springframework.security.web.DefaultSecurityFilterChain [main] Creating filter chain: any request, [org.springframework.security.web.context.request.async.WebAsyncManagerIntegrationFilter@723877dd, org.springframework.security.web.context.SecurityContextPersistenceFilter@2eda072, org.springframework.security.web.header.HeaderWriterFilter@3b83459e, org.springframework.security.web.csrf.CsrfFilter@1d02af26, org.springframework.security.web.authentication.logout.LogoutFilter@7a3269f5, org.springframework.security.web.authentication.UsernamePasswordAuthenticationFilter@7a2ab862, org.springframework.security.web.authentication.ui.DefaultLoginPageGeneratingFilter@2d119405, org.springframework.security.web.authentication.ui.DefaultLogoutPageGeneratingFilter@415ef4d8, org.springframework.security.web.authentication.www.BasicAuthenticationFilter@5e5beb8a, org.springframework.security.web.savedrequest.RequestCacheAwareFilter@416d56f2, org.springframework.security.web.servletapi.SecurityContextHolderAwareRequestFilter@7951c3a2, org.springframework.security.web.authentication.AnonymousAuthenticationFilter@56cc9f29, org.springframework.security.web.session.SessionManagementFilter@414f87a9, org.springframework.security.web.access.ExceptionTranslationFilter@91f565d, org.springframework.security.web.access.intercept.FilterSecurityInterceptor@5d5a51b1]
2021-01-03 13:59:15,744 INFO org.springframework.mock.web.MockServletContext [main] Initializing Spring TestDispatcherServlet ''
2021-01-03 13:59:15,744 INFO org.springframework.web.servlet.FrameworkServlet [main] Initializing Servlet ''
2021-01-03 13:59:15,759 INFO org.springframework.web.servlet.FrameworkServlet [main] Completed initialization in 14 ms
2021-01-03 13:59:15,785 INFO org.springframework.boot.StartupInfoLogger [main] Started LineupControllerTest in 2.741 seconds (JVM running for 3.737)
2021-01-03 13:59:15,935 INFO org.springframework.samples.petclinic.web.LineupController [main] Showing all lineups in database
2021-01-03 13:59:15,999 WARN org.springframework.samples.petclinic.web.LineupController [main] Lineup con id (1) NO encontrado.
2021-01-03 13:59:16,019 INFO org.springframework.scheduling.concurrent.ExecutorConfigurationSupport [SpringContextShutdownHook] Shutting down ExecutorService 'applicationTaskExecutor'
2021-01-03 14:01:04,262 INFO org.springframework.test.context.support.AbstractTestContextBootstrapper [main] Neither @ContextConfiguration nor @ContextHierarchy found for test class [org.springframework.samples.petclinic.web.LineupControllerTest], using SpringBootContextLoader
2021-01-03 14:01:04,268 INFO org.springframework.test.context.support.AbstractContextLoader [main] Could not detect default resource locations for test class [org.springframework.samples.petclinic.web.LineupControllerTest]: no resource found for suffixes {-context.xml, Context.groovy}.
2021-01-03 14:01:04,269 INFO org.springframework.test.context.support.AnnotationConfigContextLoaderUtils [main] Could not detect default configuration classes for test class [org.springframework.samples.petclinic.web.LineupControllerTest]: LineupControllerTest does not declare any static, non-private, non-final, nested classes annotated with @Configuration.
2021-01-03 14:01:04,411 INFO org.springframework.boot.test.context.SpringBootTestContextBootstrapper [main] Found @SpringBootConfiguration org.springframework.samples.petclinic.PetclinicApplication for test class org.springframework.samples.petclinic.web.LineupControllerTest
2021-01-03 14:01:04,413 INFO org.springframework.test.context.support.AbstractTestContextBootstrapper [main] Loaded default TestExecutionListener class names from location [META-INF/spring.factories]: [org.springframework.boot.test.mock.mockito.MockitoTestExecutionListener, org.springframework.boot.test.mock.mockito.ResetMocksTestExecutionListener, org.springframework.boot.test.autoconfigure.restdocs.RestDocsTestExecutionListener, org.springframework.boot.test.autoconfigure.web.client.MockRestServiceServerResetTestExecutionListener, org.springframework.boot.test.autoconfigure.web.servlet.MockMvcPrintOnlyOnFailureTestExecutionListener, org.springframework.boot.test.autoconfigure.web.servlet.WebDriverTestExecutionListener, org.springframework.test.context.web.ServletTestExecutionListener, org.springframework.test.context.support.DirtiesContextBeforeModesTestExecutionListener, org.springframework.test.context.support.DependencyInjectionTestExecutionListener, org.springframework.test.context.support.DirtiesContextTestExecutionListener, org.springframework.test.context.transaction.TransactionalTestExecutionListener, org.springframework.test.context.jdbc.SqlScriptsTestExecutionListener, org.springframework.test.context.event.EventPublishingTestExecutionListener, org.springframework.security.test.context.support.WithSecurityContextTestExecutionListener, org.springframework.security.test.context.support.ReactorContextTestExecutionListener]
2021-01-03 14:01:04,430 INFO org.springframework.test.context.support.AbstractTestContextBootstrapper [main] Using TestExecutionListeners: [org.springframework.test.context.web.ServletTestExecutionListener@1cf6d1be, org.springframework.test.context.support.DirtiesContextBeforeModesTestExecutionListener@663c9e7a, org.springframework.boot.test.mock.mockito.MockitoTestExecutionListener@19e4653c, org.springframework.boot.test.autoconfigure.SpringBootDependencyInjectionTestExecutionListener@795509d9, org.springframework.test.context.support.DirtiesContextTestExecutionListener@53045c6c, org.springframework.test.context.transaction.TransactionalTestExecutionListener@5149d738, org.springframework.test.context.jdbc.SqlScriptsTestExecutionListener@6bbe85a8, org.springframework.test.context.event.EventPublishingTestExecutionListener@3a7442c7, org.springframework.security.test.context.support.WithSecurityContextTestExecutionListener@4be29ed9, org.springframework.security.test.context.support.ReactorContextTestExecutionListener@548d708a, org.springframework.boot.test.mock.mockito.ResetMocksTestExecutionListener@4b013c76, org.springframework.boot.test.autoconfigure.restdocs.RestDocsTestExecutionListener@53fb3dab, org.springframework.boot.test.autoconfigure.web.client.MockRestServiceServerResetTestExecutionListener@cb0755b, org.springframework.boot.test.autoconfigure.web.servlet.MockMvcPrintOnlyOnFailureTestExecutionListener@33065d67, org.springframework.boot.test.autoconfigure.web.servlet.WebDriverTestExecutionListener@712625fd]
2021-01-03 14:01:04,776 WARN org.springframework.boot.test.json.DuplicateJsonObjectContextCustomizerFactory$DuplicateJsonObjectContextCustomizer [main] 

Found multiple occurrences of org.json.JSONObject on the class path:

	jar:file:/C:/Users/super/.m2/repository/com/vaadin/external/google/android-json/0.0.20131108.vaadin1/android-json-0.0.20131108.vaadin1.jar!/org/json/JSONObject.class
	jar:file:/C:/Users/super/.m2/repository/org/json/json/20190722/json-20190722.jar!/org/json/JSONObject.class

You may wish to exclude one of them to ensure predictable runtime behavior

2021-01-03 14:01:04,789 INFO org.springframework.boot.StartupInfoLogger [main] Starting LineupControllerTest on DESKTOP-AEAJ6CQ with PID 14532 (started by super in C:\Users\super\git\dp1-2020-g2-05)
2021-01-03 14:01:04,790 DEBUG org.springframework.boot.StartupInfoLogger [main] Running with Spring Boot v2.2.4.RELEASE, Spring v5.2.3.RELEASE
2021-01-03 14:01:04,792 INFO org.springframework.boot.SpringApplication [main] No active profile set, falling back to default profiles: default
2021-01-03 14:01:06,259 INFO org.springframework.scheduling.concurrent.ExecutorConfigurationSupport [main] Initializing ExecutorService 'applicationTaskExecutor'
2021-01-03 14:01:07,066 INFO org.springframework.boot.autoconfigure.security.servlet.UserDetailsServiceAutoConfiguration [main] 

Using generated security password: f0ef00bd-d614-4802-8539-681dae9b25d1

2021-01-03 14:01:07,272 INFO org.springframework.security.web.DefaultSecurityFilterChain [main] Creating filter chain: any request, [org.springframework.security.web.context.request.async.WebAsyncManagerIntegrationFilter@56cc9f29, org.springframework.security.web.context.SecurityContextPersistenceFilter@416d56f2, org.springframework.security.web.header.HeaderWriterFilter@414f87a9, org.springframework.security.web.csrf.CsrfFilter@4dd90166, org.springframework.security.web.authentication.logout.LogoutFilter@55fdf7f9, org.springframework.security.web.authentication.UsernamePasswordAuthenticationFilter@4733f6f5, org.springframework.security.web.authentication.ui.DefaultLoginPageGeneratingFilter@20580d4e, org.springframework.security.web.authentication.ui.DefaultLogoutPageGeneratingFilter@535b1ae6, org.springframework.security.web.authentication.www.BasicAuthenticationFilter@17b016ac, org.springframework.security.web.savedrequest.RequestCacheAwareFilter@1b01a0d, org.springframework.security.web.servletapi.SecurityContextHolderAwareRequestFilter@2d119405, org.springframework.security.web.authentication.AnonymousAuthenticationFilter@626c19cf, org.springframework.security.web.session.SessionManagementFilter@3cd26422, org.springframework.security.web.access.ExceptionTranslationFilter@3b83459e, org.springframework.security.web.access.intercept.FilterSecurityInterceptor@50ab56e2]
2021-01-03 14:01:07,328 INFO org.springframework.mock.web.MockServletContext [main] Initializing Spring TestDispatcherServlet ''
2021-01-03 14:01:07,328 INFO org.springframework.web.servlet.FrameworkServlet [main] Initializing Servlet ''
2021-01-03 14:01:07,342 INFO org.springframework.web.servlet.FrameworkServlet [main] Completed initialization in 14 ms
2021-01-03 14:01:07,372 INFO org.springframework.boot.StartupInfoLogger [main] Started LineupControllerTest in 2.825 seconds (JVM running for 3.819)
2021-01-03 14:01:07,478 INFO org.springframework.samples.petclinic.web.LineupController [main] Showing all lineups in database
2021-01-03 14:01:07,531 WARN org.springframework.samples.petclinic.web.LineupController [main] Lineup con id (1) NO encontrado.
2021-01-03 14:01:07,552 INFO org.springframework.scheduling.concurrent.ExecutorConfigurationSupport [SpringContextShutdownHook] Shutting down ExecutorService 'applicationTaskExecutor'
2021-01-03 14:27:43,332 INFO org.springframework.test.context.support.AbstractTestContextBootstrapper [main] Neither @ContextConfiguration nor @ContextHierarchy found for test class [org.springframework.samples.petclinic.web.LineupControllerTest], using SpringBootContextLoader
2021-01-03 14:27:43,337 INFO org.springframework.test.context.support.AbstractContextLoader [main] Could not detect default resource locations for test class [org.springframework.samples.petclinic.web.LineupControllerTest]: no resource found for suffixes {-context.xml, Context.groovy}.
2021-01-03 14:27:43,338 INFO org.springframework.test.context.support.AnnotationConfigContextLoaderUtils [main] Could not detect default configuration classes for test class [org.springframework.samples.petclinic.web.LineupControllerTest]: LineupControllerTest does not declare any static, non-private, non-final, nested classes annotated with @Configuration.
2021-01-03 14:27:43,483 INFO org.springframework.boot.test.context.SpringBootTestContextBootstrapper [main] Found @SpringBootConfiguration org.springframework.samples.petclinic.PetclinicApplication for test class org.springframework.samples.petclinic.web.LineupControllerTest
2021-01-03 14:27:43,486 INFO org.springframework.test.context.support.AbstractTestContextBootstrapper [main] Loaded default TestExecutionListener class names from location [META-INF/spring.factories]: [org.springframework.boot.test.mock.mockito.MockitoTestExecutionListener, org.springframework.boot.test.mock.mockito.ResetMocksTestExecutionListener, org.springframework.boot.test.autoconfigure.restdocs.RestDocsTestExecutionListener, org.springframework.boot.test.autoconfigure.web.client.MockRestServiceServerResetTestExecutionListener, org.springframework.boot.test.autoconfigure.web.servlet.MockMvcPrintOnlyOnFailureTestExecutionListener, org.springframework.boot.test.autoconfigure.web.servlet.WebDriverTestExecutionListener, org.springframework.test.context.web.ServletTestExecutionListener, org.springframework.test.context.support.DirtiesContextBeforeModesTestExecutionListener, org.springframework.test.context.support.DependencyInjectionTestExecutionListener, org.springframework.test.context.support.DirtiesContextTestExecutionListener, org.springframework.test.context.transaction.TransactionalTestExecutionListener, org.springframework.test.context.jdbc.SqlScriptsTestExecutionListener, org.springframework.test.context.event.EventPublishingTestExecutionListener, org.springframework.security.test.context.support.WithSecurityContextTestExecutionListener, org.springframework.security.test.context.support.ReactorContextTestExecutionListener]
2021-01-03 14:27:43,502 INFO org.springframework.test.context.support.AbstractTestContextBootstrapper [main] Using TestExecutionListeners: [org.springframework.test.context.web.ServletTestExecutionListener@1cf6d1be, org.springframework.test.context.support.DirtiesContextBeforeModesTestExecutionListener@663c9e7a, org.springframework.boot.test.mock.mockito.MockitoTestExecutionListener@19e4653c, org.springframework.boot.test.autoconfigure.SpringBootDependencyInjectionTestExecutionListener@795509d9, org.springframework.test.context.support.DirtiesContextTestExecutionListener@53045c6c, org.springframework.test.context.transaction.TransactionalTestExecutionListener@5149d738, org.springframework.test.context.jdbc.SqlScriptsTestExecutionListener@6bbe85a8, org.springframework.test.context.event.EventPublishingTestExecutionListener@3a7442c7, org.springframework.security.test.context.support.WithSecurityContextTestExecutionListener@4be29ed9, org.springframework.security.test.context.support.ReactorContextTestExecutionListener@548d708a, org.springframework.boot.test.mock.mockito.ResetMocksTestExecutionListener@4b013c76, org.springframework.boot.test.autoconfigure.restdocs.RestDocsTestExecutionListener@53fb3dab, org.springframework.boot.test.autoconfigure.web.client.MockRestServiceServerResetTestExecutionListener@cb0755b, org.springframework.boot.test.autoconfigure.web.servlet.MockMvcPrintOnlyOnFailureTestExecutionListener@33065d67, org.springframework.boot.test.autoconfigure.web.servlet.WebDriverTestExecutionListener@712625fd]
2021-01-03 14:27:43,861 WARN org.springframework.boot.test.json.DuplicateJsonObjectContextCustomizerFactory$DuplicateJsonObjectContextCustomizer [main] 

Found multiple occurrences of org.json.JSONObject on the class path:

	jar:file:/C:/Users/super/.m2/repository/com/vaadin/external/google/android-json/0.0.20131108.vaadin1/android-json-0.0.20131108.vaadin1.jar!/org/json/JSONObject.class
	jar:file:/C:/Users/super/.m2/repository/org/json/json/20190722/json-20190722.jar!/org/json/JSONObject.class

You may wish to exclude one of them to ensure predictable runtime behavior

2021-01-03 14:27:43,874 INFO org.springframework.boot.StartupInfoLogger [main] Starting LineupControllerTest on DESKTOP-AEAJ6CQ with PID 5128 (started by super in C:\Users\super\git\dp1-2020-g2-05)
2021-01-03 14:27:43,874 DEBUG org.springframework.boot.StartupInfoLogger [main] Running with Spring Boot v2.2.4.RELEASE, Spring v5.2.3.RELEASE
2021-01-03 14:27:43,876 INFO org.springframework.boot.SpringApplication [main] No active profile set, falling back to default profiles: default
2021-01-03 14:27:45,354 INFO org.springframework.scheduling.concurrent.ExecutorConfigurationSupport [main] Initializing ExecutorService 'applicationTaskExecutor'
2021-01-03 14:27:46,145 INFO org.springframework.boot.autoconfigure.security.servlet.UserDetailsServiceAutoConfiguration [main] 

Using generated security password: af0e68f1-82d9-437c-bc05-e5be96a5fc40

2021-01-03 14:27:46,323 INFO org.springframework.security.web.DefaultSecurityFilterChain [main] Creating filter chain: any request, [org.springframework.security.web.context.request.async.WebAsyncManagerIntegrationFilter@62cba181, org.springframework.security.web.context.SecurityContextPersistenceFilter@47c7a9e5, org.springframework.security.web.header.HeaderWriterFilter@2ed71727, org.springframework.security.web.csrf.CsrfFilter@22ad1bae, org.springframework.security.web.authentication.logout.LogoutFilter@39c85c1a, org.springframework.security.web.authentication.UsernamePasswordAuthenticationFilter@4fb56bea, org.springframework.security.web.authentication.ui.DefaultLoginPageGeneratingFilter@78fe204a, org.springframework.security.web.authentication.ui.DefaultLogoutPageGeneratingFilter@1b482cbf, org.springframework.security.web.authentication.www.BasicAuthenticationFilter@66a53104, org.springframework.security.web.savedrequest.RequestCacheAwareFilter@4ed9f7b1, org.springframework.security.web.servletapi.SecurityContextHolderAwareRequestFilter@a6c54c3, org.springframework.security.web.authentication.AnonymousAuthenticationFilter@661fe025, org.springframework.security.web.session.SessionManagementFilter@65bb6275, org.springframework.security.web.access.ExceptionTranslationFilter@6e31d989, org.springframework.security.web.access.intercept.FilterSecurityInterceptor@7a2ab862]
2021-01-03 14:27:46,374 INFO org.springframework.mock.web.MockServletContext [main] Initializing Spring TestDispatcherServlet ''
2021-01-03 14:27:46,374 INFO org.springframework.web.servlet.FrameworkServlet [main] Initializing Servlet ''
2021-01-03 14:27:46,388 INFO org.springframework.web.servlet.FrameworkServlet [main] Completed initialization in 13 ms
2021-01-03 14:27:46,418 INFO org.springframework.boot.StartupInfoLogger [main] Started LineupControllerTest in 2.8 seconds (JVM running for 3.798)
2021-01-03 14:27:46,528 INFO org.springframework.samples.petclinic.web.LineupController [main] Showing all lineups in database
2021-01-03 14:27:46,587 WARN org.springframework.samples.petclinic.web.LineupController [main] Lineup con id (1) NO encontrado.
2021-01-03 14:27:46,604 INFO org.springframework.scheduling.concurrent.ExecutorConfigurationSupport [SpringContextShutdownHook] Shutting down ExecutorService 'applicationTaskExecutor'
2021-01-03 14:28:24,199 INFO org.springframework.test.context.support.AbstractTestContextBootstrapper [main] Neither @ContextConfiguration nor @ContextHierarchy found for test class [org.springframework.samples.petclinic.web.LineupControllerTest], using SpringBootContextLoader
2021-01-03 14:28:24,206 INFO org.springframework.test.context.support.AbstractContextLoader [main] Could not detect default resource locations for test class [org.springframework.samples.petclinic.web.LineupControllerTest]: no resource found for suffixes {-context.xml, Context.groovy}.
2021-01-03 14:28:24,207 INFO org.springframework.test.context.support.AnnotationConfigContextLoaderUtils [main] Could not detect default configuration classes for test class [org.springframework.samples.petclinic.web.LineupControllerTest]: LineupControllerTest does not declare any static, non-private, non-final, nested classes annotated with @Configuration.
2021-01-03 14:28:24,352 INFO org.springframework.boot.test.context.SpringBootTestContextBootstrapper [main] Found @SpringBootConfiguration org.springframework.samples.petclinic.PetclinicApplication for test class org.springframework.samples.petclinic.web.LineupControllerTest
2021-01-03 14:28:24,354 INFO org.springframework.test.context.support.AbstractTestContextBootstrapper [main] Loaded default TestExecutionListener class names from location [META-INF/spring.factories]: [org.springframework.boot.test.mock.mockito.MockitoTestExecutionListener, org.springframework.boot.test.mock.mockito.ResetMocksTestExecutionListener, org.springframework.boot.test.autoconfigure.restdocs.RestDocsTestExecutionListener, org.springframework.boot.test.autoconfigure.web.client.MockRestServiceServerResetTestExecutionListener, org.springframework.boot.test.autoconfigure.web.servlet.MockMvcPrintOnlyOnFailureTestExecutionListener, org.springframework.boot.test.autoconfigure.web.servlet.WebDriverTestExecutionListener, org.springframework.test.context.web.ServletTestExecutionListener, org.springframework.test.context.support.DirtiesContextBeforeModesTestExecutionListener, org.springframework.test.context.support.DependencyInjectionTestExecutionListener, org.springframework.test.context.support.DirtiesContextTestExecutionListener, org.springframework.test.context.transaction.TransactionalTestExecutionListener, org.springframework.test.context.jdbc.SqlScriptsTestExecutionListener, org.springframework.test.context.event.EventPublishingTestExecutionListener, org.springframework.security.test.context.support.WithSecurityContextTestExecutionListener, org.springframework.security.test.context.support.ReactorContextTestExecutionListener]
2021-01-03 14:28:24,369 INFO org.springframework.test.context.support.AbstractTestContextBootstrapper [main] Using TestExecutionListeners: [org.springframework.test.context.web.ServletTestExecutionListener@1cf6d1be, org.springframework.test.context.support.DirtiesContextBeforeModesTestExecutionListener@663c9e7a, org.springframework.boot.test.mock.mockito.MockitoTestExecutionListener@19e4653c, org.springframework.boot.test.autoconfigure.SpringBootDependencyInjectionTestExecutionListener@795509d9, org.springframework.test.context.support.DirtiesContextTestExecutionListener@53045c6c, org.springframework.test.context.transaction.TransactionalTestExecutionListener@5149d738, org.springframework.test.context.jdbc.SqlScriptsTestExecutionListener@6bbe85a8, org.springframework.test.context.event.EventPublishingTestExecutionListener@3a7442c7, org.springframework.security.test.context.support.WithSecurityContextTestExecutionListener@4be29ed9, org.springframework.security.test.context.support.ReactorContextTestExecutionListener@548d708a, org.springframework.boot.test.mock.mockito.ResetMocksTestExecutionListener@4b013c76, org.springframework.boot.test.autoconfigure.restdocs.RestDocsTestExecutionListener@53fb3dab, org.springframework.boot.test.autoconfigure.web.client.MockRestServiceServerResetTestExecutionListener@cb0755b, org.springframework.boot.test.autoconfigure.web.servlet.MockMvcPrintOnlyOnFailureTestExecutionListener@33065d67, org.springframework.boot.test.autoconfigure.web.servlet.WebDriverTestExecutionListener@712625fd]
2021-01-03 14:28:24,706 WARN org.springframework.boot.test.json.DuplicateJsonObjectContextCustomizerFactory$DuplicateJsonObjectContextCustomizer [main] 

Found multiple occurrences of org.json.JSONObject on the class path:

	jar:file:/C:/Users/super/.m2/repository/com/vaadin/external/google/android-json/0.0.20131108.vaadin1/android-json-0.0.20131108.vaadin1.jar!/org/json/JSONObject.class
	jar:file:/C:/Users/super/.m2/repository/org/json/json/20190722/json-20190722.jar!/org/json/JSONObject.class

You may wish to exclude one of them to ensure predictable runtime behavior

2021-01-03 14:28:24,719 INFO org.springframework.boot.StartupInfoLogger [main] Starting LineupControllerTest on DESKTOP-AEAJ6CQ with PID 9900 (started by super in C:\Users\super\git\dp1-2020-g2-05)
2021-01-03 14:28:24,720 DEBUG org.springframework.boot.StartupInfoLogger [main] Running with Spring Boot v2.2.4.RELEASE, Spring v5.2.3.RELEASE
2021-01-03 14:28:24,722 INFO org.springframework.boot.SpringApplication [main] No active profile set, falling back to default profiles: default
2021-01-03 14:28:26,175 INFO org.springframework.scheduling.concurrent.ExecutorConfigurationSupport [main] Initializing ExecutorService 'applicationTaskExecutor'
2021-01-03 14:28:26,950 INFO org.springframework.boot.autoconfigure.security.servlet.UserDetailsServiceAutoConfiguration [main] 

Using generated security password: bb1285d6-eb1f-4023-8569-26476e550aa7

2021-01-03 14:28:27,142 INFO org.springframework.security.web.DefaultSecurityFilterChain [main] Creating filter chain: any request, [org.springframework.security.web.context.request.async.WebAsyncManagerIntegrationFilter@723877dd, org.springframework.security.web.context.SecurityContextPersistenceFilter@2eda072, org.springframework.security.web.header.HeaderWriterFilter@3b83459e, org.springframework.security.web.csrf.CsrfFilter@1d02af26, org.springframework.security.web.authentication.logout.LogoutFilter@7a3269f5, org.springframework.security.web.authentication.UsernamePasswordAuthenticationFilter@7a2ab862, org.springframework.security.web.authentication.ui.DefaultLoginPageGeneratingFilter@2d119405, org.springframework.security.web.authentication.ui.DefaultLogoutPageGeneratingFilter@415ef4d8, org.springframework.security.web.authentication.www.BasicAuthenticationFilter@5e5beb8a, org.springframework.security.web.savedrequest.RequestCacheAwareFilter@416d56f2, org.springframework.security.web.servletapi.SecurityContextHolderAwareRequestFilter@7951c3a2, org.springframework.security.web.authentication.AnonymousAuthenticationFilter@56cc9f29, org.springframework.security.web.session.SessionManagementFilter@414f87a9, org.springframework.security.web.access.ExceptionTranslationFilter@91f565d, org.springframework.security.web.access.intercept.FilterSecurityInterceptor@5d5a51b1]
2021-01-03 14:28:27,195 INFO org.springframework.mock.web.MockServletContext [main] Initializing Spring TestDispatcherServlet ''
2021-01-03 14:28:27,195 INFO org.springframework.web.servlet.FrameworkServlet [main] Initializing Servlet ''
2021-01-03 14:28:27,210 INFO org.springframework.web.servlet.FrameworkServlet [main] Completed initialization in 15 ms
2021-01-03 14:28:27,242 INFO org.springframework.boot.StartupInfoLogger [main] Started LineupControllerTest in 2.763 seconds (JVM running for 3.76)
2021-01-03 14:28:27,353 INFO org.springframework.samples.petclinic.web.LineupController [main] Showing all lineups in database
2021-01-03 14:28:27,413 WARN org.springframework.samples.petclinic.web.LineupController [main] Lineup con id (1) NO encontrado.
2021-01-03 14:28:27,432 INFO org.springframework.scheduling.concurrent.ExecutorConfigurationSupport [SpringContextShutdownHook] Shutting down ExecutorService 'applicationTaskExecutor'
2021-01-03 16:12:02,311 WARN com.zaxxer.hikari.pool.HikariPool$HouseKeeper [HikariPool-1 housekeeper] HikariPool-1 - Thread starvation or clock leap detected (housekeeper delta=1h2m12s260ms156s200ns).
